% [ Warning: The following Names in Name Tree Dests were not defined ] %
       G10.342490
       G10.342563
       G10.342596
       G10.342653
       G10.342654
       G10.342659
       G10.342706
       G10.342814
       G10.343082
       G10.343250
       G10.343336
       G10.343394
       G10.343415
       G10.556261
       G10.557593
       G10.557611
       G10.557655
       G10.559135
       G10.559201
       G10.559220
       G10.559707
       G10.559734
       G10.559808
       G10.559841
       G10.559852
       G10.559860
       G10.559875
       G10.559890
       G10.559920
       G11.1003155
       G11.1003230
       G11.1003233
       G11.1003316
       G11.1003328
       G11.1003355
       G11.1003423
       G11.1003762
       G11.1004290
       G11.1007514
       G11.1007943
       G11.1007965
       G11.1007971
       G11.1009811
       G11.1009861
       G11.1009866
       G11.1009898
       G11.1010907
       G11.1010920
       G11.342475
       G11.342494
       G11.342704
       G11.342712
       G11.342727
       G11.342770
       G11.342780
       G11.342808
       G11.342833
       G11.342870
       G11.343007
       G11.343037
       G11.343044
       G11.343051
       G11.343058
       G11.343067
       G11.343089
       G11.343108
       G11.343154
       G11.343165
       G11.343219
       G11.343236
       G11.343243
       G11.343255
       G11.343274
       G11.343338
       G11.343349
       G11.343357
       G11.343381
       G11.343754
       G11.344132
       G12.342496
       G12.342576
       G12.342609
       G12.342642
       G12.342741
       G12.342802
       G12.342835
       G12.342850
       G12.609684
       G12.609821
       G12.610225
       G13.429509
       G13.430139
       G13.555164
       G13.555166
       G13.555205
       G13.555952
       G14.342473
       G14.342487
       G14.342522
       G14.342571
       G14.342587
       G14.342773
       G14.342785
       G14.342848
       G15.342583
       G15.342617
       G15.342619
       G15.342625
       G15.342642
       G15.342653
       G15.342673
       G15.342693
       G15.342735
       G15.342753
       G15.342805
       G15.342828
       G15.342868
       G15.342878
       G15.342887
       G15.342925
       G15.342941
       G15.342981
       G15.343130
       G15.429509
       G15.430139
       G15.555618
       G15.555654
       G15.555673
       G15.555716
       G15.555721
       G15.555796
       G15.555836
       G15.558178
       G16.36100
       G16.36464
       G16.38723
       G16.38776
       G16.38788
       G16.38811
       G16.38869
       G16.38893
       G16.38911
       G16.38945
       G16.38952
       G16.38958
       G16.38991
       G16.39002
       G16.39138
       G16.39206
       G16.39231
       G16.39281
       G16.39389
       G16.39397
       G16.39689
       G16.39865
       G16.39914
       G16.39919
       G16.41232
       G16.44574
       G16.46273
       G17.343107
       G17.343217
       G17.343272
       G17.343369
       G17.343371
       G17.343374
       G17.343471
       G17.343506
       G17.343523
       G17.343544
       G17.343553
       G17.343578
       G17.343636
       G17.688137
       G17.690275
       G17.692142
       G17.692294
       G17.692355
       G18.342472
       G18.342492
       G18.342666
       G18.342677
       G18.342682
       G18.342696
       G18.342726
       G18.342734
       G18.342757
       G18.342777
       G18.342797
       G18.342806
       G18.342822
       G18.342842
       G18.342861
       G18.342899
       G18.342946
       G18.342955
       G18.342965
       G18.342984
       G18.343059
       G18.343141
       G18.343150
       G18.343158
       G18.343162
       G18.343189
       G18.836456
       G18.836527
       G18.836566
       G18.836631
       G18.837019
       G18.837368
       G18.838867
       G18.838997
       G18.840454
       G19.290434
       G19.294405
       G19.294406
       G19.294411
       G19.294412
       G19.294886
       G19.294887
       G19.295165
       G19.555270
       G19.555858
       G19.556266
       G20.420854
       G21.742590
       G21.742870
       G21.742877
       G21.742885
       G21.742905
       G21.742906
       G21.742926
       G21.742940
       G21.743707
       G21.743739
       G21.743746
       G21.744188
       G21.744342
       G21.744630
       G21.744819
       G21.744831
       G21.744857
       G21.745635
       G21.746615
       G21.746626
       G22.406847
       G22.406901
       G22.407071
       G22.407101
       G22.407179
       G22.407217
       G22.408601
       G22.409030
       G22.409260
       G22.409464
       G22.412733
       G22.413934
       G22.467109
       G22.479905
       G22.488735
       G22.488856
       G22.490966
       G22.492066
       G22.495071
       G22.495159
       G22.495167
       G22.495172
       G22.495213
       G22.495236
       G22.495237
       G22.495238
       G22.495239
       G22.495240
       G22.495241
       G22.495259
       G22.495260
       G22.495574
       G22.495583
       G22.495625
       G22.495628
       G22.495635
       G23.407261
       G23.407279
       G23.407767
       G23.416757
       G23.420001
       G23.445838
       G23.453828
       G23.488942
       G23.489028
       G23.489042
       G23.489067
       G23.489079
       G23.489092
       G23.489117
       G23.489145
       G23.492531
       G23.492632
       G23.492728
       G23.492938
       G23.492959
       G23.492985
       G23.493049
       G23.493449
       G23.495008
       G23.495022
       G23.495135
       G23.496244
       G24.414509
       G24.414516
       G24.435034
       G24.489231
       G24.489260
       G24.489295
       G24.489331
       G24.489346
       G24.489350
       G24.489358
       G24.489370
       G24.489434
       G24.489471
       G24.489538
       G24.489564
       G24.489573
       G24.489618
       G24.489663
       G24.491386
       G24.492105
       G24.492132
       G24.492871
       G24.495171
       G24.496105
       G24.496127
       G24.496129
       G24.496131
       G25.257615
       G25.257621
       G25.257709
       G25.262464
       G25.262783
       G25.263851
       G25.263871
       G25.285672
       G25.296709
       G25.299844
       G25.299849
       G25.299905
       G25.299909
       G25.300016
       G25.308102
       G25.308194
       G25.850012
       G25.850233
       G25.852633
       G25.852667
       G25.852686
       G25.852703
       G26.256504
       G26.256518
       G26.256520
       G26.256521
       G26.256522
       G26.256523
       G26.257028
       G26.259605
       G26.260579
       G26.260595
       G26.264482
       G26.264490
       G26.266318
       G26.266488
       G26.294660
       G26.300033
       G26.300132
       G26.300155
       G26.303108
       G26.306707
       G26.848850
       G26.848908
       G26.848946
       G26.849030
       G26.849070
       G26.849096
       G26.849102
       G26.849122
       G27.256545
       G27.256646
       G27.257091
       G27.257112
       G27.258806
       G27.271043
       G27.300229
       G27.300261
       G27.304834
       G27.305140
       G27.849142
       G27.849210
       G27.849250
       G27.849282
       G27.852091
       G27.852106
       G27.852113
       G27.852126
       G28.257493
       G28.266740
       G28.266755
       G28.300377
       G28.300407
       G28.300450
       G28.300455
       G28.300459
       G28.300463
       G28.300469
       G28.300532
       G28.300540
       G28.300546
       G28.300554
       G28.300575
       G28.300635
       G28.300646
       G28.300664
       G28.300676
       G28.300681
       G28.300684
       G28.300687
       G28.300691
       G28.300700
       G28.306464
       G28.849450
       G28.849512
       G28.849534
       G28.849556
       G28.849560
       G28.849564
       G28.849580
       G29.306553
       G29.306557
       G29.306610
       G29.306662
       G29.306696
       G29.306704
       G29.306711
       G29.306723
       G29.306733
       G29.306901
       G29.306902
       G29.307063
       G29.308126
       G29.308364
       G29.308568
       G29.308605
       G29.308617
       G29.308639
       G29.308647
       G29.308762
       G29.308773
       G29.308777
       G29.308782
       G29.308952
       G29.308976
       G3.854739
       G3.854746
       G3.854748
       G3.854750
       G3.854752
       G3.855070
       G3.855092
       G3.855682
       G3.996746
       G3.996775
       G3.996806
       G3.996812
       G3.997365
       G3.997949
       G30.1003155
       G30.1008213
       G30.1008310
       G30.1008364
       G30.1008374
       G30.1008438
       G30.1008479
       G30.1008767
       G30.342475
       G30.342494
       G30.342704
       G30.342770
       G30.343037
       G30.343067
       G31.441827
       G31.443264
       G31.443333
       G31.446428
       G31.447781
       G31.452290
       G32.442273
       G32.442323
       G32.442357
       G32.442419
       G32.442467
       G32.447934
       G32.448326
       G32.454536
       G32.454576
       G32.454645
       G33.442577
       G33.442595
       G33.442625
       G33.442655
       G33.442747
       G33.442771
       G33.442807
       G33.442835
       G33.442857
       G33.442889
       G33.442901
       G33.444977
       G33.445045
       G33.447474
       G33.448055
       G33.448134
       G33.449381
       G33.449397
       G33.454136
       G33.454697
       G33.454718
       G33.454789
       G33.454893
       G33.454982
       G33.455870
       G33.457016
       G33.458047
       G34.2701
       G34.2940
       G34.3172
       G34.3222
       G34.412446
       G34.412526
       G34.412598
       G34.412680
       G34.412720
       G34.412736
       G34.412762
       G34.412774
       G34.414722
       G34.415762
       G34.4825
       G34.4855
       G34.4856
       G34.4889
       G34.4896
       G34.4905
       G34.4913
       G34.5051
       G34.5065
       G34.6178
       G34.6221
       G34.6230
       G34.6286
       G34.6432
       G34.774
       G35.686428
       G35.686446
       G35.686468
       G35.686480
       G35.686552
       G35.686562
       G35.686572
       G35.686638
       G35.686642
       G35.686648
       G35.686652
       G35.687673
       G35.687718
       G35.687822
       G35.687848
       G35.691179
       G35.694540
       G35.694543
       G35.695415
       G35.695498
       G35.697581
       G35.697718
       G35.698004
       G35.698010
       G35.698051
       G35.698056
       G36.106935
       G36.106971
       G36.106977
       G36.106989
       G36.107021
       G36.107027
       G36.107041
       G36.107109
       G36.107191
       G36.107203
       G36.107219
       G36.107229
       G36.107255
       G36.107277
       G36.107289
       G36.107327
       G36.107445
       G36.109372
       G36.109393
       G36.109557
       G36.109974
       G36.111202
       G36.112849
       G36.113291
       G36.113319
       G36.113481
       G36.113483
       G36.113488
       G36.115461
       G36.115629
       G36.115639
       G36.117087
       G37.130434
       G37.130526
       G37.131272
       G37.131319
       G37.131324
       G37.131326
       G37.131334
       G37.131342
       G37.131349
       G37.131353
       G37.131356
       G37.131361
       G37.131376
       G37.131385
       G37.131395
       G37.131642
       G37.131758
       G37.131920
       G37.131951
       G37.132008
       G37.132177
       G37.132874
       G37.132910
       G37.132980
       G37.133004
       G37.133114
       G37.133163
       G37.133198
       G37.133212
       G37.133329
       G37.133553
       G37.133665
       G37.134604
       G38.232284
       G38.232993
       G38.235491
       G38.235518
       G38.235606
       G38.235994
       G38.236339
       G38.236394
       G38.237040
       G38.238721
       G38.238722
       G38.238774
       G39.968214
       G39.968236
       G39.968246
       G39.968274
       G39.968288
       G39.968398
       G39.968442
       G39.968488
       G39.968522
       G39.968558
       G39.968612
       G39.968664
       G39.968718
       G39.968802
       G39.968894
       G39.968910
       G39.968918
       G39.968924
       G39.968928
       G39.970514
       G39.971004
       G39.971908
       G39.972052
       G39.972084
       G39.972171
       G39.972631
       G39.973189
       G39.973363
       G39.976923
       G39.976927
       G39.976941
       G39.976953
       G39.976954
       G39.976955
       G39.977341
       G39.977821
       G39.977879
       G39.978062
       G39.978115
       G39.978118
       G39.979863
       G39.979979
       G39.980168
       G39.980179
       G39.980185
       G39.980233
       G4.74901
       G4.75095
       G4.75101
       G4.75459
       G4.75550
       G4.75589
       G4.76406
       G4.76439
       G4.76447
       G4.76920
       G4.77431
       G4.78669
       G4.78727
       G4.79842
       G4.80044
       G4.81795
       G4.81805
       G4.82076
       G4.82104
       G4.82131
       G4.82139
       G4.82159
       G4.82172
       G4.82175
       G4.82265
       G4.82344
       G4.84367
       G4.84368
       G4.84369
       G4.84370
       G4.84371
       G40.555240
       G40.555354
       G40.555358
       G40.555792
       G40.555794
       G40.555868
       G40.556643
       G40.556887
       G40.556918
       G40.557099
       G40.557118
       G40.557283
       G40.557284
       G40.557382
       G40.569323
       G40.571968
       G40.572793
       G40.572804
       G40.572821
       G40.573857
       G41.229131
       G41.232582
       G41.232652
       G41.232706
       G41.232820
       G41.232903
       G41.232916
       G41.233852
       G41.233910
       G41.234073
       G42.290441
       G42.291096
       G42.291107
       G42.291141
       G42.291146
       G42.291168
       G42.291182
       G42.291251
       G42.291273
       G42.291293
       G42.291427
       G42.291433
       G42.291472
       G42.291529
       G42.291793
       G42.291802
       G42.291803
       G42.291804
       G42.291844
       G42.291935
       G42.292120
       G42.293311
       G42.293335
       G42.293680
       G42.293869
       G42.298440
       G42.299449
       G42.299460
       G42.555270
       G42.556707
       G42.557000
       G42.557020
       G42.557844
       G42.558754
       G43.290434
       G43.291147
       G43.291293
       G43.292637
       G43.292681
       G43.292694
       G43.292707
       G43.293483
       G43.555270
       G43.556352
       G43.556462
       G43.556473
       G43.556538
       G43.556547
       G43.556549
       G43.556552
       G43.556556
       G43.556558
       G43.557663
       G44.293846
       G44.294982
       G44.295009
       G44.295015
       G44.295060
       G44.298229
       G44.299352
       G44.299353
       G44.299446
       G44.299463
       G44.555270
       G44.556476
       G44.557364
       G44.558864
       G45.290462
       G45.290573
       G45.290575
       G45.290591
       G45.290634
       G45.290638
       G45.290642
       G45.290646
       G45.290650
       G45.290654
       G45.290658
       G45.290715
       G45.291204
       G45.291960
       G45.292673
       G45.292675
       G45.292679
       G45.292727
       G45.292769
       G45.292777
       G45.292821
       G45.292905
       G45.293103
       G45.293126
       G45.293132
       G45.293197
       G45.293207
       G45.293219
       G45.293221
       G45.293273
       G45.293303
       G45.293663
       G45.293687
       G45.293693
       G45.293696
       G45.293979
       G45.294258
       G45.294357
       G45.294673
       G45.294733
       G45.294932
       G45.294952
       G45.295011
       G45.295313
       G45.295772
       G45.296038
       G45.296557
       G45.296563
       G45.296615
       G45.297370
       G45.297371
       G45.297372
       G45.297373
       G45.297376
       G45.297447
       G45.297769
       G45.297936
       G45.298382
       G45.298562
       G45.298596
       G45.300098
       G45.302121
       G45.302148
       G45.302158
       G45.302161
       G45.302168
       G45.302178
       G45.302192
       G45.302195
       G45.302222
       G45.302234
       G45.302263
       G45.302269
       G45.302275
       G45.302292
       G45.302331
       G45.302334
       G45.302337
       G45.302340
       G45.302343
       G45.302346
       G45.302381
       G45.302430
       G45.303296
       G45.303299
       G45.555270
       G45.555489
       G45.557714
       G45.558396
       G45.558407
       G45.558783
       G45.558784
       G45.558785
       G45.558809
       G45.558847
       G45.558853
       G45.563926
       G45.563942
       G45.563962
       G45.563983
       G45.564108
       G45.564111
       G45.564112
       G45.564141
       G45.564214
       G45.564217
       G45.564218
       G45.564344
       G45.564523
       G45.564526
       G45.564651
       G45.564837
       G45.564841
       G45.564861
       G45.564871
       G45.565022
       G46.293846
       G46.294464
       G46.294548
       G46.295854
       G46.296676
       G46.296726
       G46.296741
       G46.296756
       G46.296831
       G46.296942
       G46.297111
       G46.297327
       G46.297510
       G46.297517
       G46.297523
       G46.297547
       G46.297553
       G46.297568
       G46.297627
       G46.297734
       G46.297773
       G46.297798
       G46.297817
       G46.297823
       G46.297903
       G46.297995
       G46.298024
       G46.298026
       G46.298027
       G46.298145
       G46.298165
       G46.298180
       G46.298238
       G46.298240
       G46.298242
       G46.298292
       G46.298294
       G46.298296
       G46.298299
       G46.298349
       G46.298381
       G46.298462
       G46.298471
       G46.298487
       G46.299052
       G46.299125
       G46.299223
       G46.299225
       G46.299279
       G46.299289
       G46.299461
       G46.299468
       G46.300403
       G46.300408
       G46.301489
       G46.301492
       G46.301665
       G46.301747
       G46.301750
       G46.301824
       G46.301837
       G46.303067
       G46.303069
       G46.304058
       G46.304609
       G46.304681
       G46.305606
       G46.305615
       G46.306019
       G46.306367
       G46.306384
       G46.306783
       G46.307043
       G46.307705
       G46.307707
       G46.307794
       G46.307795
       G46.556352
       G46.556359
       G46.556879
       G46.556894
       G46.557040
       G46.562750
       G46.563049
       G46.563050
       G46.563051
       G46.563054
       G46.563055
       G46.563638
       G46.563678
       G47.290434
       G47.555270
       G47.558339
       G48.555364
       G48.555428
       G48.555467
       G48.555578
       G48.556020
       G48.556027
       G48.556097
       G48.556361
       G48.556692
       G48.556777
       G48.557261
       G48.571669
       G48.572044
       G48.577825
       G48.578641
       G48.578750
       G48.580503
       G49.555260
       G49.555268
       G49.559602
       G49.562700
       G49.565234
       G49.565944
       G49.566453
       G49.566462
       G5.125282
       G5.125316
       G5.125416
       G5.125456
       G5.125490
       G5.126271
       G5.127068
       G5.127085
       G5.127435
       G5.127452
       G5.128699
       G5.128961
       G5.130341
       G5.130353
       G5.131321
       G5.132067
       G50.555477
       G50.555479
       G50.555481
       G50.555483
       G50.555485
       G50.555487
       G50.555700
       G50.555762
       G50.557647
       G50.557687
       G50.557690
       G50.557695
       G51.555217
       G51.555245
       G51.555359
       G51.555377
       G51.555381
       G51.555487
       G51.555676
       G51.555735
       G51.557979
       G52.555220
       G52.555248
       G52.555275
       G52.555456
       G52.555716
       G52.555717
       G52.555718
       G52.555719
       G52.557269
       G53.555429
       G53.555473
       G53.555577
       G53.555611
       G53.555693
       G53.555715
       G53.555922
       G53.556097
       G53.556113
       G53.556635
       G53.558133
       G53.558913
       G53.559503
       G53.560960
       G53.561094
       G53.561202
       G53.561939
       G53.564246
       G54.159583
       G54.232703
       G54.232763
       G55.574768
       G55.574772
       G55.574882
       G55.574936
       G55.575004
       G55.575050
       G55.575140
       G55.575222
       G55.575286
       G55.579528
       G55.579633
       G55.579698
       G55.579761
       G55.579835
       G55.579948
       G55.580010
       G55.581348
       G55.582070
       G55.585886
       G55.588044
       G56.575338
       G56.575354
       G56.575362
       G56.575376
       G56.575470
       G56.575642
       G56.575664
       G56.575740
       G56.575784
       G56.578778
       G56.580084
       G56.580115
       G56.580242
       G56.580273
       G56.580300
       G56.580474
       G56.580491
       G56.581578
       G56.584755
       G56.585115
       G56.585142
       G56.586054
       G56.587386
       G56.588140
       G56.588162
       G56.588163
       G56.588331
       G56.588356
       G56.590067
       G57.575808
       G57.575844
       G57.575856
       G57.575860
       G57.575876
       G57.575880
       G57.575930
       G57.575934
       G57.575954
       G57.576052
       G57.576066
       G57.576084
       G57.576138
       G57.578846
       G57.582278
       G57.585470
       G57.585590
       G57.587285
       G57.587333
       G57.587385
       G57.587414
       G57.587974
       G57.588008
       G57.588038
       G57.588061
       G57.588082
       G57.589762
       G58.3415
       G58.557710
       G58.557760
       G58.557761
       G58.557762
       G58.557791
       G58.557870
       G58.558020
       G58.558040
       G58.558526
       G58.558543
       G58.558549
       G58.558572
       G58.558579
       G58.558585
       G58.558729
       G58.558810
       G58.558824
       G58.559208
       G58.559217
       G58.559229
       G58.559265
       G58.559643
       G58.559731
       G58.559732
       G58.559951
       G58.560014
       G58.560015
       G58.560637
       G59.179996
       G6.1000359
       G6.996735
       G6.997429
       G6.997825
       G6.997833
       G6.997834
       G6.998794
       G7.555418
       G7.555591
       G8.418256
       G8.418352
       G8.418706
       G8.420854
       G9.342491
       G9.342553
       G9.342558
       G9.342569
       G9.342574
       G9.342591
       G9.342598
       G9.342601
       G9.342609
       G9.342633
       G9.342727
       G9.342819
       G9.342868
       G9.342874
       G9.342885
       G9.343026
       G9.343031
       G9.343059
       G9.343529
       G9.572594
       G9.576226
       G9.576274
       G9.576714
       G9.576716
       G9.576765
       G9.576825
       G9.576842
       G9.577307
       G9.579881
       G9.580169
       G9.580256
       G9.580259
       M10.8.newlink.fileopen
       M11.8.newlink.clear
       M11.8.newlink.copy
       M11.8.newlink.cut
       M11.8.newlink.deselect
       M11.8.newlink.paste
       M11.8.newlink.select
       M17.8.newlink.modeldefaultscolor
       M17.8.newlink.modeldefaultstextsize
       M17.8.newlink.modeldefaultswindowsettings
       M17.8.newlink.objatt
       M18.8.newlink.cascade
       M18.8.newlink.fitdrawing
       M18.8.newlink.tile
       M18.8.newlink.zoomin
       M18.8.newlink.zoomout
       M24.8.newlink.nonlin
       M24.8.newlink.nonlinearmat
       M25.8.newlink.Overview
       M25.8.newlink.RequiredSources
       M30.8.newlink.objinter
       M33.8.newlink.trancur
       M34.8.newlink.Commands
       M39.8.newlink.FluxLinkage
       M4.8.newlink.MaxBatch
       M44.8.newlink.create
       M44.8.newlink.createarea
       M45.8.newlink.Iso
       M45.8.newlink.SurfacePlot
       M46.8.newlink.plotanimationvar
       M51.8.newlink.varview
       M9.8.newlink.hotkeys
% [ Warning: The following Names in Name Tree Dests were defined more than once ] %
       M10.8.newlink.exit
       M11.8.newlink.editdeselectallallprojects
       M12.8.newlink.reshapevertexinsert
       M15.8.newlink.objectcircle2point
       M27.8.newlink.EddyCurSolidSrc
       M4.8.newlink.FitAll
       M4.8.newlink.ZoomIn
       M4.8.newlink.ZoomOut
       M50.8.newlink.dup
       M50.8.newlink.insert
       M50.8.newlink.redo
       M50.8.newlink.undo
       P.1
       P.10
       P.11
       P.12
       P.13
       P.14
       P.15
       P.16
       P.17
       P.18
       P.19
       P.2
       P.20
       P.21
       P.22
       P.23
       P.24
       P.25
       P.26
       P.27
       P.28
       P.29
       P.3
       P.30
       P.31
       P.32
       P.33
       P.34
       P.35
       P.36
       P.37
       P.38
       P.39
       P.4
       P.40
       P.41
       P.42
       P.43
       P.44
       P.45
       P.46
       P.5
       P.6
       P.7
       P.8
       P.9
