#
# Ansoft Environment Log
#

ALLUSERSPROFILE=C:\ProgramData
APPDATA=C:\Users\bradf\AppData\Roaming
ASCTEC_SDK=D:\TAMU\Research\Rathinam;D:\TAMU\Research\Rathinam\AscTec\Temp
CommonProgramFiles=C:\Program Files (x86)\Common Files
CommonProgramFiles(x86)=C:\Program Files (x86)\Common Files
CommonProgramW6432=C:\Program Files\Common Files
COMPUTERNAME=DROFDARBSLAPTOP
ComSpec=C:\WINDOWS\system32\cmd.exe
DONT_AUTOCONFIGURE=1
FMHOME=d:/tamu/research/ansoft/frame
HELPD=d:/tamu/research/ansoft/helpd
HOMEDRIVE=C:
HOMEPATH=\Users\bradf
IVIROOTDIR32=C:\Program Files (x86)\IVI Foundation\IVI\
IVIROOTDIR64=C:\Program Files\IVI Foundation\IVI\
KMP_DUPLICATE_LIB_OK=true
LOCALAPPDATA=C:\Users\bradf\AppData\Local
LOGONSERVER=\\MicrosoftAccount
MAXWELL_DIR=d:\tamu\research
MKL_SERIAL=YES
NIDAQmxSwitchDir=D:\Program Files (x86)\National Instruments\NI-DAQ\Switch\
NIEXTCCOMPILERSUPP=D:\Program Files (x86)\National Instruments\Shared\ExternalCompilerSupport\C\
NIIVIPATH=C:\Program Files (x86)\IVI Foundation\IVI\
NUMBER_OF_PROCESSORS=8
OS=Windows_NT
Path=C:\Program Files (x86)\NVIDIA Corporation\PhysX\Common;C:\ProgramData\Oracle\Java\javapath;C:\WINDOWS\system32;C:\WINDOWS;C:\WINDOWS\System32\Wbem;C:\WINDOWS\System32\WindowsPowerShell\v1.0\;D:\Program Files\MATLAB\R2016a\bin;C:\Users\bradf\.dnx\bin;C:\Program Files\Microsoft DNX\Dnvm\;C:\Program Files\Microsoft SQL Server\130\Tools\Binn\;D:\Program Files (x86)\PuTTY\;C:\Program Files (x86)\IVI Foundation\VISA\WinNT\Bin\;C:\Program Files\IVI Foundation\VISA\Win64\Bin\;C:\Program Files (x86)\Microsoft SQL Server\80\Tools\Binn\;C:\Program Files (x86)\IVI Foundation\VISA\WinNT\Bin;c:\Program Files (x86)\Microsoft SQL Server\100\Tools\Binn\;c:\Program Files (x86)\Microsoft SQL Server\100\DTS\Binn\;C:\Program Files (x86)\IVI Foundation\IVI\bin;C:\Program Files\IVI Foundation\IVI\bin;D:\Program Files (x86)\National Instruments\Motion Assistant\bin\mxwplugins;C:\Program Files (x86)\Skype\Phone\;d:/tamu/research/ansoft\frame\bin
PATHEXT=.COM;.EXE;.BAT;.CMD;.VBS;.VBE;.JS;.JSE;.WSF;.WSH;.MSC
PROCESSOR_ARCHITECTURE=x86
PROCESSOR_ARCHITEW6432=AMD64
PROCESSOR_IDENTIFIER=Intel64 Family 6 Model 60 Stepping 3, GenuineIntel
PROCESSOR_LEVEL=6
PROCESSOR_REVISION=3c03
ProgramData=C:\ProgramData
ProgramFiles=C:\Program Files (x86)
ProgramFiles(x86)=C:\Program Files (x86)
ProgramW6432=C:\Program Files
PSModulePath=C:\Program Files\WindowsPowerShell\Modules;C:\WINDOWS\system32\WindowsPowerShell\v1.0\Modules
PUBLIC=C:\Users\Public
SESSIONNAME=Console
SystemDrive=C:
SystemRoot=C:\WINDOWS
TEMP=C:\Users\bradf\AppData\Local\Temp
TestStand=D:\Program Files (x86)\National Instruments\TestStand 2014
TestStand64=D:\Program Files\National Instruments\TestStand 2014
TestStandAppData=C:\ProgramData\National Instruments\TestStand 2014 (32-bit)
TestStandAppData64=C:\ProgramData\National Instruments\TestStand 2014 (64-bit)
TestStandBin=D:\Program Files (x86)\National Instruments\TestStand 2014\Bin
TestStandBin64=D:\Program Files\National Instruments\TestStand 2014\Bin
TestStandPublic=C:\Users\Public\Documents\National Instruments\TestStand 2014 (32-bit)
TestStandPublic64=C:\Users\Public\Documents\National Instruments\TestStand 2014 (64-bit)
TMP=C:\Users\bradf\AppData\Local\Temp
USERDOMAIN=DROFDARBSLAPTOP
USERDOMAIN_ROAMINGPROFILE=DROFDARBSLAPTOP
USERNAME=bradf
USERPROFILE=C:\Users\bradf
VS140COMNTOOLS=D:\Program Files (x86)\Microsoft Visual Studio 14.0\Common7\Tools\
VSSDK140Install=D:\Program Files (x86)\Microsoft Visual Studio 14.0\VSSDK\
VXIPNPPATH=C:\Program Files (x86)\IVI Foundation\VISA\
VXIPNPPATH64=C:\Program Files\IVI Foundation\VISA\
windir=C:\WINDOWS
