Checking object "object612":
checked:
	1 lumps
	1 shells
	1 wires
	0 faces
	0 loops
	8 coedges
	8 edges
	8 vertices
Checking object "object611":
checked:
	1 lumps
	1 shells
	1 wires
	0 faces
	0 loops
	8 coedges
	8 edges
	8 vertices
Checking object "object613":
checked:
	1 lumps
	1 shells
	1 wires
	0 faces
	0 loops
	8 coedges
	8 edges
	8 vertices
Checking object "object144":
checked:
	1 lumps
	1 shells
	1 wires
	0 faces
	0 loops
	1 coedges
	1 edges
	1 vertices
Checking object "object190":
checked:
	1 lumps
	1 shells
	1 wires
	0 faces
	0 loops
	1 coedges
	1 edges
	1 vertices
Checking object "object185":
checked:
	1 lumps
	1 shells
	1 wires
	0 faces
	0 loops
	1 coedges
	1 edges
	1 vertices
Checking object "object149":
checked:
	1 lumps
	1 shells
	1 wires
	0 faces
	0 loops
	1 coedges
	1 edges
	1 vertices
Checking object "object182":
checked:
	1 lumps
	1 shells
	1 wires
	0 faces
	0 loops
	1 coedges
	1 edges
	1 vertices
Checking object "object152":
checked:
	1 lumps
	1 shells
	1 wires
	0 faces
	0 loops
	1 coedges
	1 edges
	1 vertices
Checking object "object179":
checked:
	1 lumps
	1 shells
	1 wires
	0 faces
	0 loops
	1 coedges
	1 edges
	1 vertices
Checking object "object155":
checked:
	1 lumps
	1 shells
	1 wires
	0 faces
	0 loops
	1 coedges
	1 edges
	1 vertices
Checking object "object176":
checked:
	1 lumps
	1 shells
	1 wires
	0 faces
	0 loops
	1 coedges
	1 edges
	1 vertices
Checking object "object158":
checked:
	1 lumps
	1 shells
	1 wires
	0 faces
	0 loops
	1 coedges
	1 edges
	1 vertices
Checking object "object173":
checked:
	1 lumps
	1 shells
	1 wires
	0 faces
	0 loops
	1 coedges
	1 edges
	1 vertices
Checking object "object161":
checked:
	1 lumps
	1 shells
	1 wires
	0 faces
	0 loops
	1 coedges
	1 edges
	1 vertices
Checking object "object170":
checked:
	1 lumps
	1 shells
	1 wires
	0 faces
	0 loops
	1 coedges
	1 edges
	1 vertices
Checking object "object164":
checked:
	1 lumps
	1 shells
	1 wires
	0 faces
	0 loops
	1 coedges
	1 edges
	1 vertices
Checking object "object146":
checked:
	1 lumps
	1 shells
	1 wires
	0 faces
	0 loops
	1 coedges
	1 edges
	1 vertices
Checking object "object167":
checked:
	1 lumps
	1 shells
	1 wires
	0 faces
	0 loops
	1 coedges
	1 edges
	1 vertices
Checking object "object145":
checked:
	1 lumps
	1 shells
	1 wires
	0 faces
	0 loops
	1 coedges
	1 edges
	1 vertices
Checking object "object189":
checked:
	1 lumps
	1 shells
	1 wires
	0 faces
	0 loops
	1 coedges
	1 edges
	1 vertices
Checking object "object186":
checked:
	1 lumps
	1 shells
	1 wires
	0 faces
	0 loops
	1 coedges
	1 edges
	1 vertices
Checking object "object148":
checked:
	1 lumps
	1 shells
	1 wires
	0 faces
	0 loops
	1 coedges
	1 edges
	1 vertices
Checking object "object183":
checked:
	1 lumps
	1 shells
	1 wires
	0 faces
	0 loops
	1 coedges
	1 edges
	1 vertices
Checking object "object151":
checked:
	1 lumps
	1 shells
	1 wires
	0 faces
	0 loops
	1 coedges
	1 edges
	1 vertices
Checking object "object180":
checked:
	1 lumps
	1 shells
	1 wires
	0 faces
	0 loops
	1 coedges
	1 edges
	1 vertices
Checking object "object154":
checked:
	1 lumps
	1 shells
	1 wires
	0 faces
	0 loops
	1 coedges
	1 edges
	1 vertices
Checking object "object610":
checked:
	1 lumps
	1 shells
	1 wires
	0 faces
	0 loops
	8 coedges
	8 edges
	8 vertices
Checking object "object614":
checked:
	1 lumps
	1 shells
	1 wires
	0 faces
	0 loops
	8 coedges
	8 edges
	8 vertices
Checking object "object177":
checked:
	1 lumps
	1 shells
	1 wires
	0 faces
	0 loops
	1 coedges
	1 edges
	1 vertices
Checking object "object157":
checked:
	1 lumps
	1 shells
	1 wires
	0 faces
	0 loops
	1 coedges
	1 edges
	1 vertices
Checking object "object174":
checked:
	1 lumps
	1 shells
	1 wires
	0 faces
	0 loops
	1 coedges
	1 edges
	1 vertices
Checking object "object160":
checked:
	1 lumps
	1 shells
	1 wires
	0 faces
	0 loops
	1 coedges
	1 edges
	1 vertices
Checking object "object171":
checked:
	1 lumps
	1 shells
	1 wires
	0 faces
	0 loops
	1 coedges
	1 edges
	1 vertices
Checking object "object163":
checked:
	1 lumps
	1 shells
	1 wires
	0 faces
	0 loops
	1 coedges
	1 edges
	1 vertices
Checking object "object168":
checked:
	1 lumps
	1 shells
	1 wires
	0 faces
	0 loops
	1 coedges
	1 edges
	1 vertices
Checking object "object166":
checked:
	1 lumps
	1 shells
	1 wires
	0 faces
	0 loops
	1 coedges
	1 edges
	1 vertices
Checking object "object188":
checked:
	1 lumps
	1 shells
	1 wires
	0 faces
	0 loops
	1 coedges
	1 edges
	1 vertices
Checking object "object143":
checked:
	1 lumps
	1 shells
	1 wires
	0 faces
	0 loops
	1 coedges
	1 edges
	1 vertices
Checking object "object187":
checked:
	1 lumps
	1 shells
	1 wires
	0 faces
	0 loops
	1 coedges
	1 edges
	1 vertices
Checking object "object147":
checked:
	1 lumps
	1 shells
	1 wires
	0 faces
	0 loops
	1 coedges
	1 edges
	1 vertices
Checking object "object184":
checked:
	1 lumps
	1 shells
	1 wires
	0 faces
	0 loops
	1 coedges
	1 edges
	1 vertices
Checking object "object150":
checked:
	1 lumps
	1 shells
	1 wires
	0 faces
	0 loops
	1 coedges
	1 edges
	1 vertices
Checking object "object181":
checked:
	1 lumps
	1 shells
	1 wires
	0 faces
	0 loops
	1 coedges
	1 edges
	1 vertices
Checking object "object153":
checked:
	1 lumps
	1 shells
	1 wires
	0 faces
	0 loops
	1 coedges
	1 edges
	1 vertices
Checking object "object178":
checked:
	1 lumps
	1 shells
	1 wires
	0 faces
	0 loops
	1 coedges
	1 edges
	1 vertices
Checking object "object156":
checked:
	1 lumps
	1 shells
	1 wires
	0 faces
	0 loops
	1 coedges
	1 edges
	1 vertices
Checking object "object175":
checked:
	1 lumps
	1 shells
	1 wires
	0 faces
	0 loops
	1 coedges
	1 edges
	1 vertices
Checking object "object159":
checked:
	1 lumps
	1 shells
	1 wires
	0 faces
	0 loops
	1 coedges
	1 edges
	1 vertices
Checking object "object172":
checked:
	1 lumps
	1 shells
	1 wires
	0 faces
	0 loops
	1 coedges
	1 edges
	1 vertices
Checking object "object162":
checked:
	1 lumps
	1 shells
	1 wires
	0 faces
	0 loops
	1 coedges
	1 edges
	1 vertices
Checking object "object169":
checked:
	1 lumps
	1 shells
	1 wires
	0 faces
	0 loops
	1 coedges
	1 edges
	1 vertices
Checking object "object165":
checked:
	1 lumps
	1 shells
	1 wires
	0 faces
	0 loops
	1 coedges
	1 edges
	1 vertices
Checking object "object119":
checked:
	1 lumps
	1 shells
	1 wires
	0 faces
	0 loops
	1 coedges
	1 edges
	1 vertices
Checking object "object196":
checked:
	1 lumps
	1 shells
	1 wires
	0 faces
	0 loops
	1 coedges
	1 edges
	1 vertices
Checking object "object116":
checked:
	1 lumps
	1 shells
	1 wires
	0 faces
	0 loops
	1 coedges
	1 edges
	1 vertices
Checking object "object220":
checked:
	1 lumps
	1 shells
	1 wires
	0 faces
	0 loops
	1 coedges
	1 edges
	1 vertices
Checking object "object113":
checked:
	1 lumps
	1 shells
	1 wires
	0 faces
	0 loops
	1 coedges
	1 edges
	1 vertices
Checking object "object223":
checked:
	1 lumps
	1 shells
	1 wires
	0 faces
	0 loops
	1 coedges
	1 edges
	1 vertices
Checking object "object118":
checked:
	1 lumps
	1 shells
	1 wires
	0 faces
	0 loops
	1 coedges
	1 edges
	1 vertices
Checking object "object218":
checked:
	1 lumps
	1 shells
	1 wires
	0 faces
	0 loops
	1 coedges
	1 edges
	1 vertices
Checking object "object115":
checked:
	1 lumps
	1 shells
	1 wires
	0 faces
	0 loops
	1 coedges
	1 edges
	1 vertices
Checking object "object221":
checked:
	1 lumps
	1 shells
	1 wires
	0 faces
	0 loops
	1 coedges
	1 edges
	1 vertices
Checking object "object110":
checked:
	1 lumps
	1 shells
	1 wires
	0 faces
	0 loops
	1 coedges
	1 edges
	1 vertices
Checking object "object226":
checked:
	1 lumps
	1 shells
	1 wires
	0 faces
	0 loops
	1 coedges
	1 edges
	1 vertices
Checking object "object112":
checked:
	1 lumps
	1 shells
	1 wires
	0 faces
	0 loops
	1 coedges
	1 edges
	1 vertices
Checking object "object224":
checked:
	1 lumps
	1 shells
	1 wires
	0 faces
	0 loops
	1 coedges
	1 edges
	1 vertices
Checking object "object117":
checked:
	1 lumps
	1 shells
	1 wires
	0 faces
	0 loops
	1 coedges
	1 edges
	1 vertices
Checking object "object219":
checked:
	1 lumps
	1 shells
	1 wires
	0 faces
	0 loops
	1 coedges
	1 edges
	1 vertices
Checking object "object107":
checked:
	1 lumps
	1 shells
	1 wires
	0 faces
	0 loops
	1 coedges
	1 edges
	1 vertices
Checking object "object229":
checked:
	1 lumps
	1 shells
	1 wires
	0 faces
	0 loops
	1 coedges
	1 edges
	1 vertices
Checking object "object114":
checked:
	1 lumps
	1 shells
	1 wires
	0 faces
	0 loops
	1 coedges
	1 edges
	1 vertices
Checking object "object222":
checked:
	1 lumps
	1 shells
	1 wires
	0 faces
	0 loops
	1 coedges
	1 edges
	1 vertices
Checking object "object109":
checked:
	1 lumps
	1 shells
	1 wires
	0 faces
	0 loops
	1 coedges
	1 edges
	1 vertices
Checking object "object227":
checked:
	1 lumps
	1 shells
	1 wires
	0 faces
	0 loops
	1 coedges
	1 edges
	1 vertices
Checking object "object104":
checked:
	1 lumps
	1 shells
	1 wires
	0 faces
	0 loops
	1 coedges
	1 edges
	1 vertices
Checking object "object232":
checked:
	1 lumps
	1 shells
	1 wires
	0 faces
	0 loops
	1 coedges
	1 edges
	1 vertices
Checking object "object609":
checked:
	1 lumps
	1 shells
	1 wires
	0 faces
	0 loops
	8 coedges
	8 edges
	8 vertices
Checking object "object615":
checked:
	1 lumps
	1 shells
	1 wires
	0 faces
	0 loops
	8 coedges
	8 edges
	8 vertices
Checking object "object111":
checked:
	1 lumps
	1 shells
	1 wires
	0 faces
	0 loops
	1 coedges
	1 edges
	1 vertices
Checking object "object225":
checked:
	1 lumps
	1 shells
	1 wires
	0 faces
	0 loops
	1 coedges
	1 edges
	1 vertices
Checking object "object106":
checked:
	1 lumps
	1 shells
	1 wires
	0 faces
	0 loops
	1 coedges
	1 edges
	1 vertices
Checking object "object230":
checked:
	1 lumps
	1 shells
	1 wires
	0 faces
	0 loops
	1 coedges
	1 edges
	1 vertices
Checking object "object101":
checked:
	1 lumps
	1 shells
	1 wires
	0 faces
	0 loops
	1 coedges
	1 edges
	1 vertices
Checking object "object235":
checked:
	1 lumps
	1 shells
	1 wires
	0 faces
	0 loops
	1 coedges
	1 edges
	1 vertices
Checking object "object108":
checked:
	1 lumps
	1 shells
	1 wires
	0 faces
	0 loops
	1 coedges
	1 edges
	1 vertices
Checking object "object228":
checked:
	1 lumps
	1 shells
	1 wires
	0 faces
	0 loops
	1 coedges
	1 edges
	1 vertices
Checking object "object103":
checked:
	1 lumps
	1 shells
	1 wires
	0 faces
	0 loops
	1 coedges
	1 edges
	1 vertices
Checking object "object233":
checked:
	1 lumps
	1 shells
	1 wires
	0 faces
	0 loops
	1 coedges
	1 edges
	1 vertices
Checking object "object142":
checked:
	1 lumps
	1 shells
	1 wires
	0 faces
	0 loops
	1 coedges
	1 edges
	1 vertices
Checking object "object192":
checked:
	1 lumps
	1 shells
	1 wires
	0 faces
	0 loops
	1 coedges
	1 edges
	1 vertices
Checking object "object105":
checked:
	1 lumps
	1 shells
	1 wires
	0 faces
	0 loops
	1 coedges
	1 edges
	1 vertices
Checking object "object231":
checked:
	1 lumps
	1 shells
	1 wires
	0 faces
	0 loops
	1 coedges
	1 edges
	1 vertices
Checking object "object100":
checked:
	1 lumps
	1 shells
	1 wires
	0 faces
	0 loops
	1 coedges
	1 edges
	1 vertices
Checking object "object236":
checked:
	1 lumps
	1 shells
	1 wires
	0 faces
	0 loops
	1 coedges
	1 edges
	1 vertices
Checking object "object102":
checked:
	1 lumps
	1 shells
	1 wires
	0 faces
	0 loops
	1 coedges
	1 edges
	1 vertices
Checking object "object234":
checked:
	1 lumps
	1 shells
	1 wires
	0 faces
	0 loops
	1 coedges
	1 edges
	1 vertices
Checking object "object96":
checked:
	1 lumps
	1 shells
	1 wires
	0 faces
	0 loops
	1 coedges
	1 edges
	1 vertices
Checking object "object240":
checked:
	1 lumps
	1 shells
	1 wires
	0 faces
	0 loops
	1 coedges
	1 edges
	1 vertices
Checking object "object141":
checked:
	1 lumps
	1 shells
	1 wires
	0 faces
	0 loops
	1 coedges
	1 edges
	1 vertices
Checking object "object195":
checked:
	1 lumps
	1 shells
	1 wires
	0 faces
	0 loops
	1 coedges
	1 edges
	1 vertices
Checking object "object99":
checked:
	1 lumps
	1 shells
	1 wires
	0 faces
	0 loops
	1 coedges
	1 edges
	1 vertices
Checking object "object237":
checked:
	1 lumps
	1 shells
	1 wires
	0 faces
	0 loops
	1 coedges
	1 edges
	1 vertices
Checking object "object137":
checked:
	1 lumps
	1 shells
	1 wires
	0 faces
	0 loops
	1 coedges
	1 edges
	1 vertices
Checking object "object199":
checked:
	1 lumps
	1 shells
	1 wires
	0 faces
	0 loops
	1 coedges
	1 edges
	1 vertices
Checking object "object97":
checked:
	1 lumps
	1 shells
	1 wires
	0 faces
	0 loops
	1 coedges
	1 edges
	1 vertices
Checking object "object239":
checked:
	1 lumps
	1 shells
	1 wires
	0 faces
	0 loops
	1 coedges
	1 edges
	1 vertices
Checking object "object95":
checked:
	1 lumps
	1 shells
	1 wires
	0 faces
	0 loops
	1 coedges
	1 edges
	1 vertices
Checking object "object238":
checked:
	1 lumps
	1 shells
	1 wires
	0 faces
	0 loops
	1 coedges
	1 edges
	1 vertices
Checking object "object134":
checked:
	1 lumps
	1 shells
	1 wires
	0 faces
	0 loops
	1 coedges
	1 edges
	1 vertices
Checking object "object202":
checked:
	1 lumps
	1 shells
	1 wires
	0 faces
	0 loops
	1 coedges
	1 edges
	1 vertices
Checking object "object138":
checked:
	1 lumps
	1 shells
	1 wires
	0 faces
	0 loops
	1 coedges
	1 edges
	1 vertices
Checking object "object198":
checked:
	1 lumps
	1 shells
	1 wires
	0 faces
	0 loops
	1 coedges
	1 edges
	1 vertices
Checking object "object140":
checked:
	1 lumps
	1 shells
	1 wires
	0 faces
	0 loops
	1 coedges
	1 edges
	1 vertices
Checking object "object191":
checked:
	1 lumps
	1 shells
	1 wires
	0 faces
	0 loops
	1 coedges
	1 edges
	1 vertices
Checking object "object131":
checked:
	1 lumps
	1 shells
	1 wires
	0 faces
	0 loops
	1 coedges
	1 edges
	1 vertices
Checking object "object205":
checked:
	1 lumps
	1 shells
	1 wires
	0 faces
	0 loops
	1 coedges
	1 edges
	1 vertices
Checking object "object135":
checked:
	1 lumps
	1 shells
	1 wires
	0 faces
	0 loops
	1 coedges
	1 edges
	1 vertices
Checking object "object201":
checked:
	1 lumps
	1 shells
	1 wires
	0 faces
	0 loops
	1 coedges
	1 edges
	1 vertices
Checking object "object139":
checked:
	1 lumps
	1 shells
	1 wires
	0 faces
	0 loops
	1 coedges
	1 edges
	1 vertices
Checking object "object197":
checked:
	1 lumps
	1 shells
	1 wires
	0 faces
	0 loops
	1 coedges
	1 edges
	1 vertices
Checking object "object128":
checked:
	1 lumps
	1 shells
	1 wires
	0 faces
	0 loops
	1 coedges
	1 edges
	1 vertices
Checking object "object208":
checked:
	1 lumps
	1 shells
	1 wires
	0 faces
	0 loops
	1 coedges
	1 edges
	1 vertices
Checking object "object132":
checked:
	1 lumps
	1 shells
	1 wires
	0 faces
	0 loops
	1 coedges
	1 edges
	1 vertices
Checking object "object204":
checked:
	1 lumps
	1 shells
	1 wires
	0 faces
	0 loops
	1 coedges
	1 edges
	1 vertices
Checking object "object136":
checked:
	1 lumps
	1 shells
	1 wires
	0 faces
	0 loops
	1 coedges
	1 edges
	1 vertices
Checking object "object200":
checked:
	1 lumps
	1 shells
	1 wires
	0 faces
	0 loops
	1 coedges
	1 edges
	1 vertices
Checking object "object593":
checked:
	1 lumps
	1 shells
	1 wires
	0 faces
	0 loops
	1 coedges
	1 edges
	1 vertices
Checking object "object594":
checked:
	1 lumps
	1 shells
	1 wires
	0 faces
	0 loops
	1 coedges
	1 edges
	1 vertices
Checking object "object125":
checked:
	1 lumps
	1 shells
	1 wires
	0 faces
	0 loops
	1 coedges
	1 edges
	1 vertices
Checking object "object211":
checked:
	1 lumps
	1 shells
	1 wires
	0 faces
	0 loops
	1 coedges
	1 edges
	1 vertices
Checking object "object129":
checked:
	1 lumps
	1 shells
	1 wires
	0 faces
	0 loops
	1 coedges
	1 edges
	1 vertices
Checking object "object207":
checked:
	1 lumps
	1 shells
	1 wires
	0 faces
	0 loops
	1 coedges
	1 edges
	1 vertices
Checking object "object133":
checked:
	1 lumps
	1 shells
	1 wires
	0 faces
	0 loops
	1 coedges
	1 edges
	1 vertices
Checking object "object203":
checked:
	1 lumps
	1 shells
	1 wires
	0 faces
	0 loops
	1 coedges
	1 edges
	1 vertices
Checking object "object122":
checked:
	1 lumps
	1 shells
	1 wires
	0 faces
	0 loops
	1 coedges
	1 edges
	1 vertices
Checking object "object214":
checked:
	1 lumps
	1 shells
	1 wires
	0 faces
	0 loops
	1 coedges
	1 edges
	1 vertices
Checking object "object126":
checked:
	1 lumps
	1 shells
	1 wires
	0 faces
	0 loops
	1 coedges
	1 edges
	1 vertices
Checking object "object210":
checked:
	1 lumps
	1 shells
	1 wires
	0 faces
	0 loops
	1 coedges
	1 edges
	1 vertices
Checking object "object130":
checked:
	1 lumps
	1 shells
	1 wires
	0 faces
	0 loops
	1 coedges
	1 edges
	1 vertices
Checking object "object206":
checked:
	1 lumps
	1 shells
	1 wires
	0 faces
	0 loops
	1 coedges
	1 edges
	1 vertices
Checking object "object608":
checked:
	1 lumps
	1 shells
	1 wires
	0 faces
	0 loops
	8 coedges
	8 edges
	8 vertices
Checking object "object616":
checked:
	1 lumps
	1 shells
	1 wires
	0 faces
	0 loops
	8 coedges
	8 edges
	8 vertices
Checking object "object98":
checked:
	1 lumps
	1 shells
	1 wires
	0 faces
	0 loops
	1 coedges
	1 edges
	1 vertices
Checking object "object217":
checked:
	1 lumps
	1 shells
	1 wires
	0 faces
	0 loops
	1 coedges
	1 edges
	1 vertices
Checking object "object123":
checked:
	1 lumps
	1 shells
	1 wires
	0 faces
	0 loops
	1 coedges
	1 edges
	1 vertices
Checking object "object213":
checked:
	1 lumps
	1 shells
	1 wires
	0 faces
	0 loops
	1 coedges
	1 edges
	1 vertices
Checking object "object127":
checked:
	1 lumps
	1 shells
	1 wires
	0 faces
	0 loops
	1 coedges
	1 edges
	1 vertices
Checking object "object209":
checked:
	1 lumps
	1 shells
	1 wires
	0 faces
	0 loops
	1 coedges
	1 edges
	1 vertices
Checking object "object120":
checked:
	1 lumps
	1 shells
	1 wires
	0 faces
	0 loops
	1 coedges
	1 edges
	1 vertices
Checking object "object216":
checked:
	1 lumps
	1 shells
	1 wires
	0 faces
	0 loops
	1 coedges
	1 edges
	1 vertices
Checking object "object124":
checked:
	1 lumps
	1 shells
	1 wires
	0 faces
	0 loops
	1 coedges
	1 edges
	1 vertices
Checking object "object212":
checked:
	1 lumps
	1 shells
	1 wires
	0 faces
	0 loops
	1 coedges
	1 edges
	1 vertices
Checking object "object121":
checked:
	1 lumps
	1 shells
	1 wires
	0 faces
	0 loops
	1 coedges
	1 edges
	1 vertices
Checking object "object215":
checked:
	1 lumps
	1 shells
	1 wires
	0 faces
	0 loops
	1 coedges
	1 edges
	1 vertices
Checking object "object607":
checked:
	1 lumps
	1 shells
	1 wires
	0 faces
	0 loops
	8 coedges
	8 edges
	8 vertices
Checking object "object617":
checked:
	1 lumps
	1 shells
	1 wires
	0 faces
	0 loops
	8 coedges
	8 edges
	8 vertices
Checking object "object71":
checked:
	1 lumps
	1 shells
	1 wires
	0 faces
	0 loops
	1 coedges
	1 edges
	1 vertices
Checking object "object244":
checked:
	1 lumps
	1 shells
	1 wires
	0 faces
	0 loops
	1 coedges
	1 edges
	1 vertices
Checking object "object70":
checked:
	1 lumps
	1 shells
	1 wires
	0 faces
	0 loops
	1 coedges
	1 edges
	1 vertices
Checking object "object266":
checked:
	1 lumps
	1 shells
	1 wires
	0 faces
	0 loops
	1 coedges
	1 edges
	1 vertices
Checking object "object68":
checked:
	1 lumps
	1 shells
	1 wires
	0 faces
	0 loops
	1 coedges
	1 edges
	1 vertices
Checking object "object268":
checked:
	1 lumps
	1 shells
	1 wires
	0 faces
	0 loops
	1 coedges
	1 edges
	1 vertices
Checking object "object69":
checked:
	1 lumps
	1 shells
	1 wires
	0 faces
	0 loops
	1 coedges
	1 edges
	1 vertices
Checking object "object267":
checked:
	1 lumps
	1 shells
	1 wires
	0 faces
	0 loops
	1 coedges
	1 edges
	1 vertices
Checking object "object67":
checked:
	1 lumps
	1 shells
	1 wires
	0 faces
	0 loops
	1 coedges
	1 edges
	1 vertices
Checking object "object269":
checked:
	1 lumps
	1 shells
	1 wires
	0 faces
	0 loops
	1 coedges
	1 edges
	1 vertices
Checking object "object65":
checked:
	1 lumps
	1 shells
	1 wires
	0 faces
	0 loops
	1 coedges
	1 edges
	1 vertices
Checking object "object271":
checked:
	1 lumps
	1 shells
	1 wires
	0 faces
	0 loops
	1 coedges
	1 edges
	1 vertices
Checking object "object66":
checked:
	1 lumps
	1 shells
	1 wires
	0 faces
	0 loops
	1 coedges
	1 edges
	1 vertices
Checking object "object270":
checked:
	1 lumps
	1 shells
	1 wires
	0 faces
	0 loops
	1 coedges
	1 edges
	1 vertices
Checking object "object64":
checked:
	1 lumps
	1 shells
	1 wires
	0 faces
	0 loops
	1 coedges
	1 edges
	1 vertices
Checking object "object272":
checked:
	1 lumps
	1 shells
	1 wires
	0 faces
	0 loops
	1 coedges
	1 edges
	1 vertices
Checking object "object592":
checked:
	1 lumps
	1 shells
	1 wires
	0 faces
	0 loops
	1 coedges
	1 edges
	1 vertices
Checking object "object595":
checked:
	1 lumps
	1 shells
	1 wires
	0 faces
	0 loops
	1 coedges
	1 edges
	1 vertices
Checking object "object62":
checked:
	1 lumps
	1 shells
	1 wires
	0 faces
	0 loops
	1 coedges
	1 edges
	1 vertices
Checking object "object274":
checked:
	1 lumps
	1 shells
	1 wires
	0 faces
	0 loops
	1 coedges
	1 edges
	1 vertices
Checking object "object63":
checked:
	1 lumps
	1 shells
	1 wires
	0 faces
	0 loops
	1 coedges
	1 edges
	1 vertices
Checking object "object273":
checked:
	1 lumps
	1 shells
	1 wires
	0 faces
	0 loops
	1 coedges
	1 edges
	1 vertices
Checking object "object61":
checked:
	1 lumps
	1 shells
	1 wires
	0 faces
	0 loops
	1 coedges
	1 edges
	1 vertices
Checking object "object275":
checked:
	1 lumps
	1 shells
	1 wires
	0 faces
	0 loops
	1 coedges
	1 edges
	1 vertices
Checking object "object59":
checked:
	1 lumps
	1 shells
	1 wires
	0 faces
	0 loops
	1 coedges
	1 edges
	1 vertices
Checking object "object277":
checked:
	1 lumps
	1 shells
	1 wires
	0 faces
	0 loops
	1 coedges
	1 edges
	1 vertices
Checking object "object60":
checked:
	1 lumps
	1 shells
	1 wires
	0 faces
	0 loops
	1 coedges
	1 edges
	1 vertices
Checking object "object276":
checked:
	1 lumps
	1 shells
	1 wires
	0 faces
	0 loops
	1 coedges
	1 edges
	1 vertices
Checking object "object58":
checked:
	1 lumps
	1 shells
	1 wires
	0 faces
	0 loops
	1 coedges
	1 edges
	1 vertices
Checking object "object278":
checked:
	1 lumps
	1 shells
	1 wires
	0 faces
	0 loops
	1 coedges
	1 edges
	1 vertices
Checking object "object56":
checked:
	1 lumps
	1 shells
	1 wires
	0 faces
	0 loops
	1 coedges
	1 edges
	1 vertices
Checking object "object280":
checked:
	1 lumps
	1 shells
	1 wires
	0 faces
	0 loops
	1 coedges
	1 edges
	1 vertices
Checking object "object57":
checked:
	1 lumps
	1 shells
	1 wires
	0 faces
	0 loops
	1 coedges
	1 edges
	1 vertices
Checking object "object279":
checked:
	1 lumps
	1 shells
	1 wires
	0 faces
	0 loops
	1 coedges
	1 edges
	1 vertices
Checking object "object55":
checked:
	1 lumps
	1 shells
	1 wires
	0 faces
	0 loops
	1 coedges
	1 edges
	1 vertices
Checking object "object281":
checked:
	1 lumps
	1 shells
	1 wires
	0 faces
	0 loops
	1 coedges
	1 edges
	1 vertices
Checking object "object53":
checked:
	1 lumps
	1 shells
	1 wires
	0 faces
	0 loops
	1 coedges
	1 edges
	1 vertices
Checking object "object283":
checked:
	1 lumps
	1 shells
	1 wires
	0 faces
	0 loops
	1 coedges
	1 edges
	1 vertices
Checking object "object54":
checked:
	1 lumps
	1 shells
	1 wires
	0 faces
	0 loops
	1 coedges
	1 edges
	1 vertices
Checking object "object282":
checked:
	1 lumps
	1 shells
	1 wires
	0 faces
	0 loops
	1 coedges
	1 edges
	1 vertices
Checking object "object581":
checked:
	1 lumps
	1 shells
	1 wires
	0 faces
	0 loops
	1 coedges
	1 edges
	1 vertices
Checking object "object582":
checked:
	1 lumps
	1 shells
	1 wires
	0 faces
	0 loops
	1 coedges
	1 edges
	1 vertices
Checking object "object52":
checked:
	1 lumps
	1 shells
	1 wires
	0 faces
	0 loops
	1 coedges
	1 edges
	1 vertices
Checking object "object284":
checked:
	1 lumps
	1 shells
	1 wires
	0 faces
	0 loops
	1 coedges
	1 edges
	1 vertices
Checking object "object51":
checked:
	1 lumps
	1 shells
	1 wires
	0 faces
	0 loops
	1 coedges
	1 edges
	1 vertices
Checking object "object285":
checked:
	1 lumps
	1 shells
	1 wires
	0 faces
	0 loops
	1 coedges
	1 edges
	1 vertices
Checking object "object94":
checked:
	1 lumps
	1 shells
	1 wires
	0 faces
	0 loops
	1 coedges
	1 edges
	1 vertices
Checking object "object242":
checked:
	1 lumps
	1 shells
	1 wires
	0 faces
	0 loops
	1 coedges
	1 edges
	1 vertices
Checking object "object93":
checked:
	1 lumps
	1 shells
	1 wires
	0 faces
	0 loops
	1 coedges
	1 edges
	1 vertices
Checking object "object243":
checked:
	1 lumps
	1 shells
	1 wires
	0 faces
	0 loops
	1 coedges
	1 edges
	1 vertices
Checking object "object47":
checked:
	1 lumps
	1 shells
	1 wires
	0 faces
	0 loops
	1 coedges
	1 edges
	1 vertices
Checking object "object286":
checked:
	1 lumps
	1 shells
	1 wires
	0 faces
	0 loops
	1 coedges
	1 edges
	1 vertices
Checking object "object48":
checked:
	1 lumps
	1 shells
	1 wires
	0 faces
	0 loops
	1 coedges
	1 edges
	1 vertices
Checking object "object288":
checked:
	1 lumps
	1 shells
	1 wires
	0 faces
	0 loops
	1 coedges
	1 edges
	1 vertices
Checking object "object49":
checked:
	1 lumps
	1 shells
	1 wires
	0 faces
	0 loops
	1 coedges
	1 edges
	1 vertices
Checking object "object287":
checked:
	1 lumps
	1 shells
	1 wires
	0 faces
	0 loops
	1 coedges
	1 edges
	1 vertices
Checking object "object606":
checked:
	1 lumps
	1 shells
	1 wires
	0 faces
	0 loops
	8 coedges
	8 edges
	8 vertices
Checking object "object618":
checked:
	1 lumps
	1 shells
	1 wires
	0 faces
	0 loops
	8 coedges
	8 edges
	8 vertices
Checking object "object92":
checked:
	1 lumps
	1 shells
	1 wires
	0 faces
	0 loops
	1 coedges
	1 edges
	1 vertices
Checking object "object241":
checked:
	1 lumps
	1 shells
	1 wires
	0 faces
	0 loops
	1 coedges
	1 edges
	1 vertices
Checking object "object89":
checked:
	1 lumps
	1 shells
	1 wires
	0 faces
	0 loops
	1 coedges
	1 edges
	1 vertices
Checking object "object247":
checked:
	1 lumps
	1 shells
	1 wires
	0 faces
	0 loops
	1 coedges
	1 edges
	1 vertices
Checking object "object90":
checked:
	1 lumps
	1 shells
	1 wires
	0 faces
	0 loops
	1 coedges
	1 edges
	1 vertices
Checking object "object246":
checked:
	1 lumps
	1 shells
	1 wires
	0 faces
	0 loops
	1 coedges
	1 edges
	1 vertices
Checking object "object91":
checked:
	1 lumps
	1 shells
	1 wires
	0 faces
	0 loops
	1 coedges
	1 edges
	1 vertices
Checking object "object245":
checked:
	1 lumps
	1 shells
	1 wires
	0 faces
	0 loops
	1 coedges
	1 edges
	1 vertices
Checking object "object86":
checked:
	1 lumps
	1 shells
	1 wires
	0 faces
	0 loops
	1 coedges
	1 edges
	1 vertices
Checking object "object250":
checked:
	1 lumps
	1 shells
	1 wires
	0 faces
	0 loops
	1 coedges
	1 edges
	1 vertices
Checking object "object87":
checked:
	1 lumps
	1 shells
	1 wires
	0 faces
	0 loops
	1 coedges
	1 edges
	1 vertices
Checking object "object249":
checked:
	1 lumps
	1 shells
	1 wires
	0 faces
	0 loops
	1 coedges
	1 edges
	1 vertices
Checking object "object88":
checked:
	1 lumps
	1 shells
	1 wires
	0 faces
	0 loops
	1 coedges
	1 edges
	1 vertices
Checking object "object248":
checked:
	1 lumps
	1 shells
	1 wires
	0 faces
	0 loops
	1 coedges
	1 edges
	1 vertices
Checking object "object83":
checked:
	1 lumps
	1 shells
	1 wires
	0 faces
	0 loops
	1 coedges
	1 edges
	1 vertices
Checking object "object253":
checked:
	1 lumps
	1 shells
	1 wires
	0 faces
	0 loops
	1 coedges
	1 edges
	1 vertices
Checking object "object84":
checked:
	1 lumps
	1 shells
	1 wires
	0 faces
	0 loops
	1 coedges
	1 edges
	1 vertices
Checking object "object252":
checked:
	1 lumps
	1 shells
	1 wires
	0 faces
	0 loops
	1 coedges
	1 edges
	1 vertices
Checking object "object85":
checked:
	1 lumps
	1 shells
	1 wires
	0 faces
	0 loops
	1 coedges
	1 edges
	1 vertices
Checking object "object251":
checked:
	1 lumps
	1 shells
	1 wires
	0 faces
	0 loops
	1 coedges
	1 edges
	1 vertices
Checking object "object80":
checked:
	1 lumps
	1 shells
	1 wires
	0 faces
	0 loops
	1 coedges
	1 edges
	1 vertices
Checking object "object256":
checked:
	1 lumps
	1 shells
	1 wires
	0 faces
	0 loops
	1 coedges
	1 edges
	1 vertices
Checking object "object81":
checked:
	1 lumps
	1 shells
	1 wires
	0 faces
	0 loops
	1 coedges
	1 edges
	1 vertices
Checking object "object255":
checked:
	1 lumps
	1 shells
	1 wires
	0 faces
	0 loops
	1 coedges
	1 edges
	1 vertices
Checking object "object82":
checked:
	1 lumps
	1 shells
	1 wires
	0 faces
	0 loops
	1 coedges
	1 edges
	1 vertices
Checking object "object254":
checked:
	1 lumps
	1 shells
	1 wires
	0 faces
	0 loops
	1 coedges
	1 edges
	1 vertices
Checking object "object77":
checked:
	1 lumps
	1 shells
	1 wires
	0 faces
	0 loops
	1 coedges
	1 edges
	1 vertices
Checking object "object259":
checked:
	1 lumps
	1 shells
	1 wires
	0 faces
	0 loops
	1 coedges
	1 edges
	1 vertices
Checking object "object78":
checked:
	1 lumps
	1 shells
	1 wires
	0 faces
	0 loops
	1 coedges
	1 edges
	1 vertices
Checking object "object258":
checked:
	1 lumps
	1 shells
	1 wires
	0 faces
	0 loops
	1 coedges
	1 edges
	1 vertices
Checking object "object79":
checked:
	1 lumps
	1 shells
	1 wires
	0 faces
	0 loops
	1 coedges
	1 edges
	1 vertices
Checking object "object257":
checked:
	1 lumps
	1 shells
	1 wires
	0 faces
	0 loops
	1 coedges
	1 edges
	1 vertices
Checking object "object74":
checked:
	1 lumps
	1 shells
	1 wires
	0 faces
	0 loops
	1 coedges
	1 edges
	1 vertices
Checking object "object262":
checked:
	1 lumps
	1 shells
	1 wires
	0 faces
	0 loops
	1 coedges
	1 edges
	1 vertices
Checking object "object580":
checked:
	1 lumps
	1 shells
	1 wires
	0 faces
	0 loops
	1 coedges
	1 edges
	1 vertices
Checking object "object583":
checked:
	1 lumps
	1 shells
	1 wires
	0 faces
	0 loops
	1 coedges
	1 edges
	1 vertices
Checking object "object75":
checked:
	1 lumps
	1 shells
	1 wires
	0 faces
	0 loops
	1 coedges
	1 edges
	1 vertices
Checking object "object261":
checked:
	1 lumps
	1 shells
	1 wires
	0 faces
	0 loops
	1 coedges
	1 edges
	1 vertices
Checking object "object76":
checked:
	1 lumps
	1 shells
	1 wires
	0 faces
	0 loops
	1 coedges
	1 edges
	1 vertices
Checking object "object260":
checked:
	1 lumps
	1 shells
	1 wires
	0 faces
	0 loops
	1 coedges
	1 edges
	1 vertices
Checking object "object50":
checked:
	1 lumps
	1 shells
	1 wires
	0 faces
	0 loops
	1 coedges
	1 edges
	1 vertices
Checking object "object265":
checked:
	1 lumps
	1 shells
	1 wires
	0 faces
	0 loops
	1 coedges
	1 edges
	1 vertices
Checking object "object72":
checked:
	1 lumps
	1 shells
	1 wires
	0 faces
	0 loops
	1 coedges
	1 edges
	1 vertices
Checking object "object264":
checked:
	1 lumps
	1 shells
	1 wires
	0 faces
	0 loops
	1 coedges
	1 edges
	1 vertices
Checking object "object73":
checked:
	1 lumps
	1 shells
	1 wires
	0 faces
	0 loops
	1 coedges
	1 edges
	1 vertices
Checking object "object263":
checked:
	1 lumps
	1 shells
	1 wires
	0 faces
	0 loops
	1 coedges
	1 edges
	1 vertices
Checking object "object605":
checked:
	1 lumps
	1 shells
	1 wires
	0 faces
	0 loops
	8 coedges
	8 edges
	8 vertices
Checking object "object619":
checked:
	1 lumps
	1 shells
	1 wires
	0 faces
	0 loops
	8 coedges
	8 edges
	8 vertices
Checking object "object591":
checked:
	1 lumps
	1 shells
	1 wires
	0 faces
	0 loops
	1 coedges
	1 edges
	1 vertices
Checking object "object596":
checked:
	1 lumps
	1 shells
	1 wires
	0 faces
	0 loops
	1 coedges
	1 edges
	1 vertices
Checking object "object25":
checked:
	1 lumps
	1 shells
	1 wires
	0 faces
	0 loops
	1 coedges
	1 edges
	1 vertices
Checking object "object292":
checked:
	1 lumps
	1 shells
	1 wires
	0 faces
	0 loops
	1 coedges
	1 edges
	1 vertices
Checking object "object24":
checked:
	1 lumps
	1 shells
	1 wires
	0 faces
	0 loops
	1 coedges
	1 edges
	1 vertices
Checking object "object314":
checked:
	1 lumps
	1 shells
	1 wires
	0 faces
	0 loops
	1 coedges
	1 edges
	1 vertices
Checking object "object23":
checked:
	1 lumps
	1 shells
	1 wires
	0 faces
	0 loops
	1 coedges
	1 edges
	1 vertices
Checking object "object315":
checked:
	1 lumps
	1 shells
	1 wires
	0 faces
	0 loops
	1 coedges
	1 edges
	1 vertices
Checking object "object22":
checked:
	1 lumps
	1 shells
	1 wires
	0 faces
	0 loops
	1 coedges
	1 edges
	1 vertices
Checking object "object316":
checked:
	1 lumps
	1 shells
	1 wires
	0 faces
	0 loops
	1 coedges
	1 edges
	1 vertices
Checking object "object21":
checked:
	1 lumps
	1 shells
	1 wires
	0 faces
	0 loops
	1 coedges
	1 edges
	1 vertices
Checking object "object317":
checked:
	1 lumps
	1 shells
	1 wires
	0 faces
	0 loops
	1 coedges
	1 edges
	1 vertices
Checking object "object20":
checked:
	1 lumps
	1 shells
	1 wires
	0 faces
	0 loops
	1 coedges
	1 edges
	1 vertices
Checking object "object318":
checked:
	1 lumps
	1 shells
	1 wires
	0 faces
	0 loops
	1 coedges
	1 edges
	1 vertices
Checking object "object620":
checked:
	1 lumps
	1 shells
	1 wires
	0 faces
	0 loops
	8 coedges
	8 edges
	8 vertices
Checking object "object604":
checked:
	1 lumps
	1 shells
	1 wires
	0 faces
	0 loops
	8 coedges
	8 edges
	8 vertices
Checking object "object19":
checked:
	1 lumps
	1 shells
	1 wires
	0 faces
	0 loops
	1 coedges
	1 edges
	1 vertices
Checking object "object319":
checked:
	1 lumps
	1 shells
	1 wires
	0 faces
	0 loops
	1 coedges
	1 edges
	1 vertices
Checking object "object18":
checked:
	1 lumps
	1 shells
	1 wires
	0 faces
	0 loops
	1 coedges
	1 edges
	1 vertices
Checking object "object320":
checked:
	1 lumps
	1 shells
	1 wires
	0 faces
	0 loops
	1 coedges
	1 edges
	1 vertices
Checking object "object17":
checked:
	1 lumps
	1 shells
	1 wires
	0 faces
	0 loops
	1 coedges
	1 edges
	1 vertices
Checking object "object321":
checked:
	1 lumps
	1 shells
	1 wires
	0 faces
	0 loops
	1 coedges
	1 edges
	1 vertices
Checking object "object16":
checked:
	1 lumps
	1 shells
	1 wires
	0 faces
	0 loops
	1 coedges
	1 edges
	1 vertices
Checking object "object322":
checked:
	1 lumps
	1 shells
	1 wires
	0 faces
	0 loops
	1 coedges
	1 edges
	1 vertices
Checking object "object579":
checked:
	1 lumps
	1 shells
	1 wires
	0 faces
	0 loops
	1 coedges
	1 edges
	1 vertices
Checking object "object584":
checked:
	1 lumps
	1 shells
	1 wires
	0 faces
	0 loops
	1 coedges
	1 edges
	1 vertices
Checking object "object15":
checked:
	1 lumps
	1 shells
	1 wires
	0 faces
	0 loops
	1 coedges
	1 edges
	1 vertices
Checking object "object323":
checked:
	1 lumps
	1 shells
	1 wires
	0 faces
	0 loops
	1 coedges
	1 edges
	1 vertices
Checking object "object14":
checked:
	1 lumps
	1 shells
	1 wires
	0 faces
	0 loops
	1 coedges
	1 edges
	1 vertices
Checking object "object324":
checked:
	1 lumps
	1 shells
	1 wires
	0 faces
	0 loops
	1 coedges
	1 edges
	1 vertices
Checking object "object13":
checked:
	1 lumps
	1 shells
	1 wires
	0 faces
	0 loops
	1 coedges
	1 edges
	1 vertices
Checking object "object325":
checked:
	1 lumps
	1 shells
	1 wires
	0 faces
	0 loops
	1 coedges
	1 edges
	1 vertices
Checking object "object12":
checked:
	1 lumps
	1 shells
	1 wires
	0 faces
	0 loops
	1 coedges
	1 edges
	1 vertices
Checking object "object326":
checked:
	1 lumps
	1 shells
	1 wires
	0 faces
	0 loops
	1 coedges
	1 edges
	1 vertices
Checking object "object11":
checked:
	1 lumps
	1 shells
	1 wires
	0 faces
	0 loops
	1 coedges
	1 edges
	1 vertices
Checking object "object327":
checked:
	1 lumps
	1 shells
	1 wires
	0 faces
	0 loops
	1 coedges
	1 edges
	1 vertices
Checking object "object10":
checked:
	1 lumps
	1 shells
	1 wires
	0 faces
	0 loops
	1 coedges
	1 edges
	1 vertices
Checking object "object328":
checked:
	1 lumps
	1 shells
	1 wires
	0 faces
	0 loops
	1 coedges
	1 edges
	1 vertices
Checking object "object9":
checked:
	1 lumps
	1 shells
	1 wires
	0 faces
	0 loops
	1 coedges
	1 edges
	1 vertices
Checking object "object329":
checked:
	1 lumps
	1 shells
	1 wires
	0 faces
	0 loops
	1 coedges
	1 edges
	1 vertices
Checking object "object8":
checked:
	1 lumps
	1 shells
	1 wires
	0 faces
	0 loops
	1 coedges
	1 edges
	1 vertices
Checking object "object330":
checked:
	1 lumps
	1 shells
	1 wires
	0 faces
	0 loops
	1 coedges
	1 edges
	1 vertices
Checking object "object7":
checked:
	1 lumps
	1 shells
	1 wires
	0 faces
	0 loops
	1 coedges
	1 edges
	1 vertices
Checking object "object331":
checked:
	1 lumps
	1 shells
	1 wires
	0 faces
	0 loops
	1 coedges
	1 edges
	1 vertices
Checking object "object6":
checked:
	1 lumps
	1 shells
	1 wires
	0 faces
	0 loops
	1 coedges
	1 edges
	1 vertices
Checking object "object332":
checked:
	1 lumps
	1 shells
	1 wires
	0 faces
	0 loops
	1 coedges
	1 edges
	1 vertices
Checking object "object5":
checked:
	1 lumps
	1 shells
	1 wires
	0 faces
	0 loops
	1 coedges
	1 edges
	1 vertices
Checking object "object333":
checked:
	1 lumps
	1 shells
	1 wires
	0 faces
	0 loops
	1 coedges
	1 edges
	1 vertices
Checking object "object194":
checked:
	1 lumps
	1 shells
	1 wires
	0 faces
	0 loops
	1 coedges
	1 edges
	1 vertices
Checking object "object290":
checked:
	1 lumps
	1 shells
	1 wires
	0 faces
	0 loops
	1 coedges
	1 edges
	1 vertices
Checking object "object193":
checked:
	1 lumps
	1 shells
	1 wires
	0 faces
	0 loops
	1 coedges
	1 edges
	1 vertices
Checking object "object291":
checked:
	1 lumps
	1 shells
	1 wires
	0 faces
	0 loops
	1 coedges
	1 edges
	1 vertices
Checking object "object1":
checked:
	1 lumps
	1 shells
	1 wires
	0 faces
	0 loops
	1 coedges
	1 edges
	1 vertices
Checking object "object334":
checked:
	1 lumps
	1 shells
	1 wires
	0 faces
	0 loops
	1 coedges
	1 edges
	1 vertices
Checking object "object46":
checked:
	1 lumps
	1 shells
	1 wires
	0 faces
	0 loops
	1 coedges
	1 edges
	1 vertices
Checking object "object289":
checked:
	1 lumps
	1 shells
	1 wires
	0 faces
	0 loops
	1 coedges
	1 edges
	1 vertices
Checking object "object3":
checked:
	1 lumps
	1 shells
	1 wires
	0 faces
	0 loops
	1 coedges
	1 edges
	1 vertices
Checking object "object335":
checked:
	1 lumps
	1 shells
	1 wires
	0 faces
	0 loops
	1 coedges
	1 edges
	1 vertices
Checking object "object2":
checked:
	1 lumps
	1 shells
	1 wires
	0 faces
	0 loops
	1 coedges
	1 edges
	1 vertices
Checking object "object336":
checked:
	1 lumps
	1 shells
	1 wires
	0 faces
	0 loops
	1 coedges
	1 edges
	1 vertices
Checking object "object45":
checked:
	1 lumps
	1 shells
	1 wires
	0 faces
	0 loops
	1 coedges
	1 edges
	1 vertices
Checking object "object293":
checked:
	1 lumps
	1 shells
	1 wires
	0 faces
	0 loops
	1 coedges
	1 edges
	1 vertices
Checking object "object44":
checked:
	1 lumps
	1 shells
	1 wires
	0 faces
	0 loops
	1 coedges
	1 edges
	1 vertices
Checking object "object294":
checked:
	1 lumps
	1 shells
	1 wires
	0 faces
	0 loops
	1 coedges
	1 edges
	1 vertices
Checking object "object43":
checked:
	1 lumps
	1 shells
	1 wires
	0 faces
	0 loops
	1 coedges
	1 edges
	1 vertices
Checking object "object295":
checked:
	1 lumps
	1 shells
	1 wires
	0 faces
	0 loops
	1 coedges
	1 edges
	1 vertices
Checking object "object42":
checked:
	1 lumps
	1 shells
	1 wires
	0 faces
	0 loops
	1 coedges
	1 edges
	1 vertices
Checking object "object296":
checked:
	1 lumps
	1 shells
	1 wires
	0 faces
	0 loops
	1 coedges
	1 edges
	1 vertices
Checking object "object41":
checked:
	1 lumps
	1 shells
	1 wires
	0 faces
	0 loops
	1 coedges
	1 edges
	1 vertices
Checking object "object297":
checked:
	1 lumps
	1 shells
	1 wires
	0 faces
	0 loops
	1 coedges
	1 edges
	1 vertices
Checking object "object40":
checked:
	1 lumps
	1 shells
	1 wires
	0 faces
	0 loops
	1 coedges
	1 edges
	1 vertices
Checking object "object298":
checked:
	1 lumps
	1 shells
	1 wires
	0 faces
	0 loops
	1 coedges
	1 edges
	1 vertices
Checking object "object603":
checked:
	1 lumps
	1 shells
	1 wires
	0 faces
	0 loops
	8 coedges
	8 edges
	8 vertices
Checking object "object621":
checked:
	1 lumps
	1 shells
	1 wires
	0 faces
	0 loops
	8 coedges
	8 edges
	8 vertices
Checking object "object39":
checked:
	1 lumps
	1 shells
	1 wires
	0 faces
	0 loops
	1 coedges
	1 edges
	1 vertices
Checking object "object299":
checked:
	1 lumps
	1 shells
	1 wires
	0 faces
	0 loops
	1 coedges
	1 edges
	1 vertices
Checking object "object38":
checked:
	1 lumps
	1 shells
	1 wires
	0 faces
	0 loops
	1 coedges
	1 edges
	1 vertices
Checking object "object300":
checked:
	1 lumps
	1 shells
	1 wires
	0 faces
	0 loops
	1 coedges
	1 edges
	1 vertices
Checking object "object37":
checked:
	1 lumps
	1 shells
	1 wires
	0 faces
	0 loops
	1 coedges
	1 edges
	1 vertices
Checking object "object301":
checked:
	1 lumps
	1 shells
	1 wires
	0 faces
	0 loops
	1 coedges
	1 edges
	1 vertices
Checking object "object36":
checked:
	1 lumps
	1 shells
	1 wires
	0 faces
	0 loops
	1 coedges
	1 edges
	1 vertices
Checking object "object302":
checked:
	1 lumps
	1 shells
	1 wires
	0 faces
	0 loops
	1 coedges
	1 edges
	1 vertices
Checking object "object35":
checked:
	1 lumps
	1 shells
	1 wires
	0 faces
	0 loops
	1 coedges
	1 edges
	1 vertices
Checking object "object303":
checked:
	1 lumps
	1 shells
	1 wires
	0 faces
	0 loops
	1 coedges
	1 edges
	1 vertices
Checking object "object34":
checked:
	1 lumps
	1 shells
	1 wires
	0 faces
	0 loops
	1 coedges
	1 edges
	1 vertices
Checking object "object304":
checked:
	1 lumps
	1 shells
	1 wires
	0 faces
	0 loops
	1 coedges
	1 edges
	1 vertices
Checking object "object33":
checked:
	1 lumps
	1 shells
	1 wires
	0 faces
	0 loops
	1 coedges
	1 edges
	1 vertices
Checking object "object305":
checked:
	1 lumps
	1 shells
	1 wires
	0 faces
	0 loops
	1 coedges
	1 edges
	1 vertices
Checking object "object32":
checked:
	1 lumps
	1 shells
	1 wires
	0 faces
	0 loops
	1 coedges
	1 edges
	1 vertices
Checking object "object306":
checked:
	1 lumps
	1 shells
	1 wires
	0 faces
	0 loops
	1 coedges
	1 edges
	1 vertices
Checking object "object31":
checked:
	1 lumps
	1 shells
	1 wires
	0 faces
	0 loops
	1 coedges
	1 edges
	1 vertices
Checking object "object307":
checked:
	1 lumps
	1 shells
	1 wires
	0 faces
	0 loops
	1 coedges
	1 edges
	1 vertices
Checking object "object30":
checked:
	1 lumps
	1 shells
	1 wires
	0 faces
	0 loops
	1 coedges
	1 edges
	1 vertices
Checking object "object308":
checked:
	1 lumps
	1 shells
	1 wires
	0 faces
	0 loops
	1 coedges
	1 edges
	1 vertices
Checking object "object29":
checked:
	1 lumps
	1 shells
	1 wires
	0 faces
	0 loops
	1 coedges
	1 edges
	1 vertices
Checking object "object309":
checked:
	1 lumps
	1 shells
	1 wires
	0 faces
	0 loops
	1 coedges
	1 edges
	1 vertices
Checking object "object28":
checked:
	1 lumps
	1 shells
	1 wires
	0 faces
	0 loops
	1 coedges
	1 edges
	1 vertices
Checking object "object310":
checked:
	1 lumps
	1 shells
	1 wires
	0 faces
	0 loops
	1 coedges
	1 edges
	1 vertices
Checking object "object27":
checked:
	1 lumps
	1 shells
	1 wires
	0 faces
	0 loops
	1 coedges
	1 edges
	1 vertices
Checking object "object311":
checked:
	1 lumps
	1 shells
	1 wires
	0 faces
	0 loops
	1 coedges
	1 edges
	1 vertices
Checking object "object26":
checked:
	1 lumps
	1 shells
	1 wires
	0 faces
	0 loops
	1 coedges
	1 edges
	1 vertices
Checking object "object312":
checked:
	1 lumps
	1 shells
	1 wires
	0 faces
	0 loops
	1 coedges
	1 edges
	1 vertices
Checking object "object4":
checked:
	1 lumps
	1 shells
	1 wires
	0 faces
	0 loops
	1 coedges
	1 edges
	1 vertices
Checking object "object313":
checked:
	1 lumps
	1 shells
	1 wires
	0 faces
	0 loops
	1 coedges
	1 edges
	1 vertices
Checking object "object578":
checked:
	1 lumps
	1 shells
	1 wires
	0 faces
	0 loops
	1 coedges
	1 edges
	1 vertices
Checking object "object585":
checked:
	1 lumps
	1 shells
	1 wires
	0 faces
	0 loops
	1 coedges
	1 edges
	1 vertices
Checking object "object590":
checked:
	1 lumps
	1 shells
	1 wires
	0 faces
	0 loops
	1 coedges
	1 edges
	1 vertices
Checking object "object597":
checked:
	1 lumps
	1 shells
	1 wires
	0 faces
	0 loops
	1 coedges
	1 edges
	1 vertices
Checking object "object577":
checked:
	1 lumps
	1 shells
	1 wires
	0 faces
	0 loops
	10 coedges
	10 edges
	10 vertices
Checking object "object622":
checked:
	1 lumps
	1 shells
	1 wires
	0 faces
	0 loops
	8 coedges
	8 edges
	8 vertices
Checking object "object638":
checked:
	1 lumps
	1 shells
	1 wires
	0 faces
	0 loops
	8 coedges
	8 edges
	8 vertices
Checking object "object551":
checked:
	1 lumps
	1 shells
	1 wires
	0 faces
	0 loops
	1 coedges
	1 edges
	1 vertices
Checking object "object363":
checked:
	1 lumps
	1 shells
	1 wires
	0 faces
	0 loops
	1 coedges
	1 edges
	1 vertices
Checking object "object552":
checked:
	1 lumps
	1 shells
	1 wires
	0 faces
	0 loops
	1 coedges
	1 edges
	1 vertices
Checking object "object362":
checked:
	1 lumps
	1 shells
	1 wires
	0 faces
	0 loops
	1 coedges
	1 edges
	1 vertices
Checking object "object553":
checked:
	1 lumps
	1 shells
	1 wires
	0 faces
	0 loops
	1 coedges
	1 edges
	1 vertices
Checking object "object340":
checked:
	1 lumps
	1 shells
	1 wires
	0 faces
	0 loops
	1 coedges
	1 edges
	1 vertices
Checking object "object548":
checked:
	1 lumps
	1 shells
	1 wires
	0 faces
	0 loops
	1 coedges
	1 edges
	1 vertices
Checking object "object366":
checked:
	1 lumps
	1 shells
	1 wires
	0 faces
	0 loops
	1 coedges
	1 edges
	1 vertices
Checking object "object549":
checked:
	1 lumps
	1 shells
	1 wires
	0 faces
	0 loops
	1 coedges
	1 edges
	1 vertices
Checking object "object365":
checked:
	1 lumps
	1 shells
	1 wires
	0 faces
	0 loops
	1 coedges
	1 edges
	1 vertices
Checking object "object550":
checked:
	1 lumps
	1 shells
	1 wires
	0 faces
	0 loops
	1 coedges
	1 edges
	1 vertices
Checking object "object364":
checked:
	1 lumps
	1 shells
	1 wires
	0 faces
	0 loops
	1 coedges
	1 edges
	1 vertices
Checking object "object545":
checked:
	1 lumps
	1 shells
	1 wires
	0 faces
	0 loops
	1 coedges
	1 edges
	1 vertices
Checking object "object369":
checked:
	1 lumps
	1 shells
	1 wires
	0 faces
	0 loops
	1 coedges
	1 edges
	1 vertices
Checking object "object546":
checked:
	1 lumps
	1 shells
	1 wires
	0 faces
	0 loops
	1 coedges
	1 edges
	1 vertices
Checking object "object368":
checked:
	1 lumps
	1 shells
	1 wires
	0 faces
	0 loops
	1 coedges
	1 edges
	1 vertices
Checking object "object547":
checked:
	1 lumps
	1 shells
	1 wires
	0 faces
	0 loops
	1 coedges
	1 edges
	1 vertices
Checking object "object367":
checked:
	1 lumps
	1 shells
	1 wires
	0 faces
	0 loops
	1 coedges
	1 edges
	1 vertices
Checking object "object542":
checked:
	1 lumps
	1 shells
	1 wires
	0 faces
	0 loops
	1 coedges
	1 edges
	1 vertices
Checking object "object372":
checked:
	1 lumps
	1 shells
	1 wires
	0 faces
	0 loops
	1 coedges
	1 edges
	1 vertices
Checking object "object543":
checked:
	1 lumps
	1 shells
	1 wires
	0 faces
	0 loops
	1 coedges
	1 edges
	1 vertices
Checking object "object371":
checked:
	1 lumps
	1 shells
	1 wires
	0 faces
	0 loops
	1 coedges
	1 edges
	1 vertices
Checking object "object544":
checked:
	1 lumps
	1 shells
	1 wires
	0 faces
	0 loops
	1 coedges
	1 edges
	1 vertices
Checking object "object370":
checked:
	1 lumps
	1 shells
	1 wires
	0 faces
	0 loops
	1 coedges
	1 edges
	1 vertices
Checking object "object539":
checked:
	1 lumps
	1 shells
	1 wires
	0 faces
	0 loops
	1 coedges
	1 edges
	1 vertices
Checking object "object375":
checked:
	1 lumps
	1 shells
	1 wires
	0 faces
	0 loops
	1 coedges
	1 edges
	1 vertices
Checking object "object540":
checked:
	1 lumps
	1 shells
	1 wires
	0 faces
	0 loops
	1 coedges
	1 edges
	1 vertices
Checking object "object374":
checked:
	1 lumps
	1 shells
	1 wires
	0 faces
	0 loops
	1 coedges
	1 edges
	1 vertices
Checking object "object541":
checked:
	1 lumps
	1 shells
	1 wires
	0 faces
	0 loops
	1 coedges
	1 edges
	1 vertices
Checking object "object373":
checked:
	1 lumps
	1 shells
	1 wires
	0 faces
	0 loops
	1 coedges
	1 edges
	1 vertices
Checking object "object536":
checked:
	1 lumps
	1 shells
	1 wires
	0 faces
	0 loops
	1 coedges
	1 edges
	1 vertices
Checking object "object378":
checked:
	1 lumps
	1 shells
	1 wires
	0 faces
	0 loops
	1 coedges
	1 edges
	1 vertices
Checking object "object537":
checked:
	1 lumps
	1 shells
	1 wires
	0 faces
	0 loops
	1 coedges
	1 edges
	1 vertices
Checking object "object377":
checked:
	1 lumps
	1 shells
	1 wires
	0 faces
	0 loops
	1 coedges
	1 edges
	1 vertices
Checking object "object538":
checked:
	1 lumps
	1 shells
	1 wires
	0 faces
	0 loops
	1 coedges
	1 edges
	1 vertices
Checking object "object376":
checked:
	1 lumps
	1 shells
	1 wires
	0 faces
	0 loops
	1 coedges
	1 edges
	1 vertices
Checking object "object533":
checked:
	1 lumps
	1 shells
	1 wires
	0 faces
	0 loops
	1 coedges
	1 edges
	1 vertices
Checking object "object381":
checked:
	1 lumps
	1 shells
	1 wires
	0 faces
	0 loops
	1 coedges
	1 edges
	1 vertices
Checking object "object637":
checked:
	1 lumps
	1 shells
	1 wires
	0 faces
	0 loops
	8 coedges
	8 edges
	8 vertices
Checking object "object623":
checked:
	1 lumps
	1 shells
	1 wires
	0 faces
	0 loops
	8 coedges
	8 edges
	8 vertices
Checking object "object534":
checked:
	1 lumps
	1 shells
	1 wires
	0 faces
	0 loops
	1 coedges
	1 edges
	1 vertices
Checking object "object380":
checked:
	1 lumps
	1 shells
	1 wires
	0 faces
	0 loops
	1 coedges
	1 edges
	1 vertices
Checking object "object535":
checked:
	1 lumps
	1 shells
	1 wires
	0 faces
	0 loops
	1 coedges
	1 edges
	1 vertices
Checking object "object379":
checked:
	1 lumps
	1 shells
	1 wires
	0 faces
	0 loops
	1 coedges
	1 edges
	1 vertices
Checking object "object529":
checked:
	1 lumps
	1 shells
	1 wires
	0 faces
	0 loops
	1 coedges
	1 edges
	1 vertices
Checking object "object382":
checked:
	1 lumps
	1 shells
	1 wires
	0 faces
	0 loops
	1 coedges
	1 edges
	1 vertices
Checking object "object589":
checked:
	1 lumps
	1 shells
	1 wires
	0 faces
	0 loops
	1 coedges
	1 edges
	1 vertices
Checking object "object586":
checked:
	1 lumps
	1 shells
	1 wires
	0 faces
	0 loops
	1 coedges
	1 edges
	1 vertices
Checking object "object575":
checked:
	1 lumps
	1 shells
	1 wires
	0 faces
	0 loops
	1 coedges
	1 edges
	1 vertices
Checking object "object339":
checked:
	1 lumps
	1 shells
	1 wires
	0 faces
	0 loops
	1 coedges
	1 edges
	1 vertices
Checking object "object576":
checked:
	1 lumps
	1 shells
	1 wires
	0 faces
	0 loops
	1 coedges
	1 edges
	1 vertices
Checking object "object338":
checked:
	1 lumps
	1 shells
	1 wires
	0 faces
	0 loops
	1 coedges
	1 edges
	1 vertices
Checking object "object574":
checked:
	1 lumps
	1 shells
	1 wires
	0 faces
	0 loops
	1 coedges
	1 edges
	1 vertices
Checking object "object337":
checked:
	1 lumps
	1 shells
	1 wires
	0 faces
	0 loops
	1 coedges
	1 edges
	1 vertices
Checking object "object531":
checked:
	1 lumps
	1 shells
	1 wires
	0 faces
	0 loops
	1 coedges
	1 edges
	1 vertices
Checking object "object383":
checked:
	1 lumps
	1 shells
	1 wires
	0 faces
	0 loops
	1 coedges
	1 edges
	1 vertices
Checking object "object530":
checked:
	1 lumps
	1 shells
	1 wires
	0 faces
	0 loops
	1 coedges
	1 edges
	1 vertices
Checking object "object384":
checked:
	1 lumps
	1 shells
	1 wires
	0 faces
	0 loops
	1 coedges
	1 edges
	1 vertices
Checking object "object573":
checked:
	1 lumps
	1 shells
	1 wires
	0 faces
	0 loops
	1 coedges
	1 edges
	1 vertices
Checking object "object341":
checked:
	1 lumps
	1 shells
	1 wires
	0 faces
	0 loops
	1 coedges
	1 edges
	1 vertices
Checking object "object572":
checked:
	1 lumps
	1 shells
	1 wires
	0 faces
	0 loops
	1 coedges
	1 edges
	1 vertices
Checking object "object342":
checked:
	1 lumps
	1 shells
	1 wires
	0 faces
	0 loops
	1 coedges
	1 edges
	1 vertices
Checking object "object570":
checked:
	1 lumps
	1 shells
	1 wires
	0 faces
	0 loops
	1 coedges
	1 edges
	1 vertices
Checking object "object344":
checked:
	1 lumps
	1 shells
	1 wires
	0 faces
	0 loops
	1 coedges
	1 edges
	1 vertices
Checking object "object571":
checked:
	1 lumps
	1 shells
	1 wires
	0 faces
	0 loops
	1 coedges
	1 edges
	1 vertices
Checking object "object343":
checked:
	1 lumps
	1 shells
	1 wires
	0 faces
	0 loops
	1 coedges
	1 edges
	1 vertices
Checking object "object569":
checked:
	1 lumps
	1 shells
	1 wires
	0 faces
	0 loops
	1 coedges
	1 edges
	1 vertices
Checking object "object345":
checked:
	1 lumps
	1 shells
	1 wires
	0 faces
	0 loops
	1 coedges
	1 edges
	1 vertices
Checking object "object567":
checked:
	1 lumps
	1 shells
	1 wires
	0 faces
	0 loops
	1 coedges
	1 edges
	1 vertices
Checking object "object347":
checked:
	1 lumps
	1 shells
	1 wires
	0 faces
	0 loops
	1 coedges
	1 edges
	1 vertices
Checking object "object568":
checked:
	1 lumps
	1 shells
	1 wires
	0 faces
	0 loops
	1 coedges
	1 edges
	1 vertices
Checking object "object346":
checked:
	1 lumps
	1 shells
	1 wires
	0 faces
	0 loops
	1 coedges
	1 edges
	1 vertices
Checking object "object566":
checked:
	1 lumps
	1 shells
	1 wires
	0 faces
	0 loops
	1 coedges
	1 edges
	1 vertices
Checking object "object348":
checked:
	1 lumps
	1 shells
	1 wires
	0 faces
	0 loops
	1 coedges
	1 edges
	1 vertices
Checking object "object564":
checked:
	1 lumps
	1 shells
	1 wires
	0 faces
	0 loops
	1 coedges
	1 edges
	1 vertices
Checking object "object350":
checked:
	1 lumps
	1 shells
	1 wires
	0 faces
	0 loops
	1 coedges
	1 edges
	1 vertices
Checking object "object565":
checked:
	1 lumps
	1 shells
	1 wires
	0 faces
	0 loops
	1 coedges
	1 edges
	1 vertices
Checking object "object349":
checked:
	1 lumps
	1 shells
	1 wires
	0 faces
	0 loops
	1 coedges
	1 edges
	1 vertices
Checking object "object563":
checked:
	1 lumps
	1 shells
	1 wires
	0 faces
	0 loops
	1 coedges
	1 edges
	1 vertices
Checking object "object351":
checked:
	1 lumps
	1 shells
	1 wires
	0 faces
	0 loops
	1 coedges
	1 edges
	1 vertices
Checking object "object561":
checked:
	1 lumps
	1 shells
	1 wires
	0 faces
	0 loops
	1 coedges
	1 edges
	1 vertices
Checking object "object353":
checked:
	1 lumps
	1 shells
	1 wires
	0 faces
	0 loops
	1 coedges
	1 edges
	1 vertices
Checking object "object562":
checked:
	1 lumps
	1 shells
	1 wires
	0 faces
	0 loops
	1 coedges
	1 edges
	1 vertices
Checking object "object352":
checked:
	1 lumps
	1 shells
	1 wires
	0 faces
	0 loops
	1 coedges
	1 edges
	1 vertices
Checking object "object560":
checked:
	1 lumps
	1 shells
	1 wires
	0 faces
	0 loops
	1 coedges
	1 edges
	1 vertices
Checking object "object354":
checked:
	1 lumps
	1 shells
	1 wires
	0 faces
	0 loops
	1 coedges
	1 edges
	1 vertices
Checking object "object558":
checked:
	1 lumps
	1 shells
	1 wires
	0 faces
	0 loops
	1 coedges
	1 edges
	1 vertices
Checking object "object356":
checked:
	1 lumps
	1 shells
	1 wires
	0 faces
	0 loops
	1 coedges
	1 edges
	1 vertices
Checking object "object559":
checked:
	1 lumps
	1 shells
	1 wires
	0 faces
	0 loops
	1 coedges
	1 edges
	1 vertices
Checking object "object355":
checked:
	1 lumps
	1 shells
	1 wires
	0 faces
	0 loops
	1 coedges
	1 edges
	1 vertices
Checking object "object557":
checked:
	1 lumps
	1 shells
	1 wires
	0 faces
	0 loops
	1 coedges
	1 edges
	1 vertices
Checking object "object357":
checked:
	1 lumps
	1 shells
	1 wires
	0 faces
	0 loops
	1 coedges
	1 edges
	1 vertices
Checking object "object555":
checked:
	1 lumps
	1 shells
	1 wires
	0 faces
	0 loops
	1 coedges
	1 edges
	1 vertices
Checking object "object359":
checked:
	1 lumps
	1 shells
	1 wires
	0 faces
	0 loops
	1 coedges
	1 edges
	1 vertices
Checking object "object601":
checked:
	1 lumps
	1 shells
	1 wires
	0 faces
	0 loops
	1 coedges
	1 edges
	1 vertices
Checking object "object598":
checked:
	1 lumps
	1 shells
	1 wires
	0 faces
	0 loops
	1 coedges
	1 edges
	1 vertices
Checking object "object556":
checked:
	1 lumps
	1 shells
	1 wires
	0 faces
	0 loops
	1 coedges
	1 edges
	1 vertices
Checking object "object358":
checked:
	1 lumps
	1 shells
	1 wires
	0 faces
	0 loops
	1 coedges
	1 edges
	1 vertices
Checking object "object554":
checked:
	1 lumps
	1 shells
	1 wires
	0 faces
	0 loops
	1 coedges
	1 edges
	1 vertices
Checking object "object360":
checked:
	1 lumps
	1 shells
	1 wires
	0 faces
	0 loops
	1 coedges
	1 edges
	1 vertices
Checking object "object532":
checked:
	1 lumps
	1 shells
	1 wires
	0 faces
	0 loops
	1 coedges
	1 edges
	1 vertices
Checking object "object361":
checked:
	1 lumps
	1 shells
	1 wires
	0 faces
	0 loops
	1 coedges
	1 edges
	1 vertices
Checking object "object588":
checked:
	1 lumps
	1 shells
	1 wires
	0 faces
	0 loops
	1 coedges
	1 edges
	1 vertices
Checking object "object587":
checked:
	1 lumps
	1 shells
	1 wires
	0 faces
	0 loops
	1 coedges
	1 edges
	1 vertices
Checking object "object636":
checked:
	1 lumps
	1 shells
	1 wires
	0 faces
	0 loops
	8 coedges
	8 edges
	8 vertices
Checking object "object624":
checked:
	1 lumps
	1 shells
	1 wires
	0 faces
	0 loops
	8 coedges
	8 edges
	8 vertices
Checking object "object503":
checked:
	1 lumps
	1 shells
	1 wires
	0 faces
	0 loops
	1 coedges
	1 edges
	1 vertices
Checking object "object411":
checked:
	1 lumps
	1 shells
	1 wires
	0 faces
	0 loops
	1 coedges
	1 edges
	1 vertices
Checking object "object500":
checked:
	1 lumps
	1 shells
	1 wires
	0 faces
	0 loops
	1 coedges
	1 edges
	1 vertices
Checking object "object414":
checked:
	1 lumps
	1 shells
	1 wires
	0 faces
	0 loops
	1 coedges
	1 edges
	1 vertices
Checking object "object504":
checked:
	1 lumps
	1 shells
	1 wires
	0 faces
	0 loops
	1 coedges
	1 edges
	1 vertices
Checking object "object410":
checked:
	1 lumps
	1 shells
	1 wires
	0 faces
	0 loops
	1 coedges
	1 edges
	1 vertices
Checking object "object497":
checked:
	1 lumps
	1 shells
	1 wires
	0 faces
	0 loops
	1 coedges
	1 edges
	1 vertices
Checking object "object417":
checked:
	1 lumps
	1 shells
	1 wires
	0 faces
	0 loops
	1 coedges
	1 edges
	1 vertices
Checking object "object501":
checked:
	1 lumps
	1 shells
	1 wires
	0 faces
	0 loops
	1 coedges
	1 edges
	1 vertices
Checking object "object413":
checked:
	1 lumps
	1 shells
	1 wires
	0 faces
	0 loops
	1 coedges
	1 edges
	1 vertices
Checking object "object505":
checked:
	1 lumps
	1 shells
	1 wires
	0 faces
	0 loops
	1 coedges
	1 edges
	1 vertices
Checking object "object388":
checked:
	1 lumps
	1 shells
	1 wires
	0 faces
	0 loops
	1 coedges
	1 edges
	1 vertices
Checking object "object494":
checked:
	1 lumps
	1 shells
	1 wires
	0 faces
	0 loops
	1 coedges
	1 edges
	1 vertices
Checking object "object420":
checked:
	1 lumps
	1 shells
	1 wires
	0 faces
	0 loops
	1 coedges
	1 edges
	1 vertices
Checking object "object498":
checked:
	1 lumps
	1 shells
	1 wires
	0 faces
	0 loops
	1 coedges
	1 edges
	1 vertices
Checking object "object416":
checked:
	1 lumps
	1 shells
	1 wires
	0 faces
	0 loops
	1 coedges
	1 edges
	1 vertices
Checking object "object502":
checked:
	1 lumps
	1 shells
	1 wires
	0 faces
	0 loops
	1 coedges
	1 edges
	1 vertices
Checking object "object412":
checked:
	1 lumps
	1 shells
	1 wires
	0 faces
	0 loops
	1 coedges
	1 edges
	1 vertices
Checking object "object491":
checked:
	1 lumps
	1 shells
	1 wires
	0 faces
	0 loops
	1 coedges
	1 edges
	1 vertices
Checking object "object423":
checked:
	1 lumps
	1 shells
	1 wires
	0 faces
	0 loops
	1 coedges
	1 edges
	1 vertices
Checking object "object495":
checked:
	1 lumps
	1 shells
	1 wires
	0 faces
	0 loops
	1 coedges
	1 edges
	1 vertices
Checking object "object419":
checked:
	1 lumps
	1 shells
	1 wires
	0 faces
	0 loops
	1 coedges
	1 edges
	1 vertices
Checking object "object499":
checked:
	1 lumps
	1 shells
	1 wires
	0 faces
	0 loops
	1 coedges
	1 edges
	1 vertices
Checking object "object415":
checked:
	1 lumps
	1 shells
	1 wires
	0 faces
	0 loops
	1 coedges
	1 edges
	1 vertices
Checking object "object635":
checked:
	1 lumps
	1 shells
	1 wires
	0 faces
	0 loops
	8 coedges
	8 edges
	8 vertices
Checking object "object625":
checked:
	1 lumps
	1 shells
	1 wires
	0 faces
	0 loops
	8 coedges
	8 edges
	8 vertices
Checking object "object488":
checked:
	1 lumps
	1 shells
	1 wires
	0 faces
	0 loops
	1 coedges
	1 edges
	1 vertices
Checking object "object426":
checked:
	1 lumps
	1 shells
	1 wires
	0 faces
	0 loops
	1 coedges
	1 edges
	1 vertices
Checking object "object492":
checked:
	1 lumps
	1 shells
	1 wires
	0 faces
	0 loops
	1 coedges
	1 edges
	1 vertices
Checking object "object422":
checked:
	1 lumps
	1 shells
	1 wires
	0 faces
	0 loops
	1 coedges
	1 edges
	1 vertices
Checking object "object496":
checked:
	1 lumps
	1 shells
	1 wires
	0 faces
	0 loops
	1 coedges
	1 edges
	1 vertices
Checking object "object418":
checked:
	1 lumps
	1 shells
	1 wires
	0 faces
	0 loops
	1 coedges
	1 edges
	1 vertices
Checking object "object485":
checked:
	1 lumps
	1 shells
	1 wires
	0 faces
	0 loops
	1 coedges
	1 edges
	1 vertices
Checking object "object429":
checked:
	1 lumps
	1 shells
	1 wires
	0 faces
	0 loops
	1 coedges
	1 edges
	1 vertices
Checking object "object489":
checked:
	1 lumps
	1 shells
	1 wires
	0 faces
	0 loops
	1 coedges
	1 edges
	1 vertices
Checking object "object425":
checked:
	1 lumps
	1 shells
	1 wires
	0 faces
	0 loops
	1 coedges
	1 edges
	1 vertices
Checking object "object493":
checked:
	1 lumps
	1 shells
	1 wires
	0 faces
	0 loops
	1 coedges
	1 edges
	1 vertices
Checking object "object421":
checked:
	1 lumps
	1 shells
	1 wires
	0 faces
	0 loops
	1 coedges
	1 edges
	1 vertices
Checking object "object481":
checked:
	1 lumps
	1 shells
	1 wires
	0 faces
	0 loops
	1 coedges
	1 edges
	1 vertices
Checking object "object430":
checked:
	1 lumps
	1 shells
	1 wires
	0 faces
	0 loops
	1 coedges
	1 edges
	1 vertices
Checking object "object486":
checked:
	1 lumps
	1 shells
	1 wires
	0 faces
	0 loops
	1 coedges
	1 edges
	1 vertices
Checking object "object428":
checked:
	1 lumps
	1 shells
	1 wires
	0 faces
	0 loops
	1 coedges
	1 edges
	1 vertices
Checking object "object600":
checked:
	1 lumps
	1 shells
	1 wires
	0 faces
	0 loops
	1 coedges
	1 edges
	1 vertices
Checking object "object599":
checked:
	1 lumps
	1 shells
	1 wires
	0 faces
	0 loops
	1 coedges
	1 edges
	1 vertices
Checking object "object490":
checked:
	1 lumps
	1 shells
	1 wires
	0 faces
	0 loops
	1 coedges
	1 edges
	1 vertices
Checking object "object424":
checked:
	1 lumps
	1 shells
	1 wires
	0 faces
	0 loops
	1 coedges
	1 edges
	1 vertices
Checking object "object526":
checked:
	1 lumps
	1 shells
	1 wires
	0 faces
	0 loops
	1 coedges
	1 edges
	1 vertices
Checking object "object385":
checked:
	1 lumps
	1 shells
	1 wires
	0 faces
	0 loops
	1 coedges
	1 edges
	1 vertices
Checking object "object527":
checked:
	1 lumps
	1 shells
	1 wires
	0 faces
	0 loops
	1 coedges
	1 edges
	1 vertices
Checking object "object387":
checked:
	1 lumps
	1 shells
	1 wires
	0 faces
	0 loops
	1 coedges
	1 edges
	1 vertices
Checking object "object487":
checked:
	1 lumps
	1 shells
	1 wires
	0 faces
	0 loops
	1 coedges
	1 edges
	1 vertices
Checking object "object427":
checked:
	1 lumps
	1 shells
	1 wires
	0 faces
	0 loops
	1 coedges
	1 edges
	1 vertices
Checking object "object525":
checked:
	1 lumps
	1 shells
	1 wires
	0 faces
	0 loops
	1 coedges
	1 edges
	1 vertices
Checking object "object389":
checked:
	1 lumps
	1 shells
	1 wires
	0 faces
	0 loops
	1 coedges
	1 edges
	1 vertices
Checking object "object483":
checked:
	1 lumps
	1 shells
	1 wires
	0 faces
	0 loops
	1 coedges
	1 edges
	1 vertices
Checking object "object431":
checked:
	1 lumps
	1 shells
	1 wires
	0 faces
	0 loops
	1 coedges
	1 edges
	1 vertices
Checking object "object528":
checked:
	1 lumps
	1 shells
	1 wires
	0 faces
	0 loops
	1 coedges
	1 edges
	1 vertices
Checking object "object386":
checked:
	1 lumps
	1 shells
	1 wires
	0 faces
	0 loops
	1 coedges
	1 edges
	1 vertices
Checking object "object522":
checked:
	1 lumps
	1 shells
	1 wires
	0 faces
	0 loops
	1 coedges
	1 edges
	1 vertices
Checking object "object392":
checked:
	1 lumps
	1 shells
	1 wires
	0 faces
	0 loops
	1 coedges
	1 edges
	1 vertices
Checking object "object524":
checked:
	1 lumps
	1 shells
	1 wires
	0 faces
	0 loops
	1 coedges
	1 edges
	1 vertices
Checking object "object390":
checked:
	1 lumps
	1 shells
	1 wires
	0 faces
	0 loops
	1 coedges
	1 edges
	1 vertices
Checking object "object519":
checked:
	1 lumps
	1 shells
	1 wires
	0 faces
	0 loops
	1 coedges
	1 edges
	1 vertices
Checking object "object395":
checked:
	1 lumps
	1 shells
	1 wires
	0 faces
	0 loops
	1 coedges
	1 edges
	1 vertices
Checking object "object482":
checked:
	1 lumps
	1 shells
	1 wires
	0 faces
	0 loops
	1 coedges
	1 edges
	1 vertices
Checking object "object432":
checked:
	1 lumps
	1 shells
	1 wires
	0 faces
	0 loops
	1 coedges
	1 edges
	1 vertices
Checking object "object521":
checked:
	1 lumps
	1 shells
	1 wires
	0 faces
	0 loops
	1 coedges
	1 edges
	1 vertices
Checking object "object393":
checked:
	1 lumps
	1 shells
	1 wires
	0 faces
	0 loops
	1 coedges
	1 edges
	1 vertices
Checking object "object516":
checked:
	1 lumps
	1 shells
	1 wires
	0 faces
	0 loops
	1 coedges
	1 edges
	1 vertices
Checking object "object398":
checked:
	1 lumps
	1 shells
	1 wires
	0 faces
	0 loops
	1 coedges
	1 edges
	1 vertices
Checking object "object523":
checked:
	1 lumps
	1 shells
	1 wires
	0 faces
	0 loops
	1 coedges
	1 edges
	1 vertices
Checking object "object391":
checked:
	1 lumps
	1 shells
	1 wires
	0 faces
	0 loops
	1 coedges
	1 edges
	1 vertices
Checking object "object518":
checked:
	1 lumps
	1 shells
	1 wires
	0 faces
	0 loops
	1 coedges
	1 edges
	1 vertices
Checking object "object396":
checked:
	1 lumps
	1 shells
	1 wires
	0 faces
	0 loops
	1 coedges
	1 edges
	1 vertices
Checking object "object513":
checked:
	1 lumps
	1 shells
	1 wires
	0 faces
	0 loops
	1 coedges
	1 edges
	1 vertices
Checking object "object401":
checked:
	1 lumps
	1 shells
	1 wires
	0 faces
	0 loops
	1 coedges
	1 edges
	1 vertices
Checking object "object520":
checked:
	1 lumps
	1 shells
	1 wires
	0 faces
	0 loops
	1 coedges
	1 edges
	1 vertices
Checking object "object394":
checked:
	1 lumps
	1 shells
	1 wires
	0 faces
	0 loops
	1 coedges
	1 edges
	1 vertices
Checking object "object515":
checked:
	1 lumps
	1 shells
	1 wires
	0 faces
	0 loops
	1 coedges
	1 edges
	1 vertices
Checking object "object399":
checked:
	1 lumps
	1 shells
	1 wires
	0 faces
	0 loops
	1 coedges
	1 edges
	1 vertices
Checking object "object510":
checked:
	1 lumps
	1 shells
	1 wires
	0 faces
	0 loops
	1 coedges
	1 edges
	1 vertices
Checking object "object404":
checked:
	1 lumps
	1 shells
	1 wires
	0 faces
	0 loops
	1 coedges
	1 edges
	1 vertices
Checking object "object517":
checked:
	1 lumps
	1 shells
	1 wires
	0 faces
	0 loops
	1 coedges
	1 edges
	1 vertices
Checking object "object397":
checked:
	1 lumps
	1 shells
	1 wires
	0 faces
	0 loops
	1 coedges
	1 edges
	1 vertices
Checking object "object507":
checked:
	1 lumps
	1 shells
	1 wires
	0 faces
	0 loops
	1 coedges
	1 edges
	1 vertices
Checking object "object407":
checked:
	1 lumps
	1 shells
	1 wires
	0 faces
	0 loops
	1 coedges
	1 edges
	1 vertices
Checking object "object512":
checked:
	1 lumps
	1 shells
	1 wires
	0 faces
	0 loops
	1 coedges
	1 edges
	1 vertices
Checking object "object402":
checked:
	1 lumps
	1 shells
	1 wires
	0 faces
	0 loops
	1 coedges
	1 edges
	1 vertices
Checking object "object514":
checked:
	1 lumps
	1 shells
	1 wires
	0 faces
	0 loops
	1 coedges
	1 edges
	1 vertices
Checking object "object400":
checked:
	1 lumps
	1 shells
	1 wires
	0 faces
	0 loops
	1 coedges
	1 edges
	1 vertices
Checking object "object509":
checked:
	1 lumps
	1 shells
	1 wires
	0 faces
	0 loops
	1 coedges
	1 edges
	1 vertices
Checking object "object405":
checked:
	1 lumps
	1 shells
	1 wires
	0 faces
	0 loops
	1 coedges
	1 edges
	1 vertices
Checking object "object506":
checked:
	1 lumps
	1 shells
	1 wires
	0 faces
	0 loops
	1 coedges
	1 edges
	1 vertices
Checking object "object408":
checked:
	1 lumps
	1 shells
	1 wires
	0 faces
	0 loops
	1 coedges
	1 edges
	1 vertices
Checking object "object511":
checked:
	1 lumps
	1 shells
	1 wires
	0 faces
	0 loops
	1 coedges
	1 edges
	1 vertices
Checking object "object403":
checked:
	1 lumps
	1 shells
	1 wires
	0 faces
	0 loops
	1 coedges
	1 edges
	1 vertices
Checking object "object508":
checked:
	1 lumps
	1 shells
	1 wires
	0 faces
	0 loops
	1 coedges
	1 edges
	1 vertices
Checking object "object406":
checked:
	1 lumps
	1 shells
	1 wires
	0 faces
	0 loops
	1 coedges
	1 edges
	1 vertices
Checking object "object484":
checked:
	1 lumps
	1 shells
	1 wires
	0 faces
	0 loops
	1 coedges
	1 edges
	1 vertices
Checking object "object409":
checked:
	1 lumps
	1 shells
	1 wires
	0 faces
	0 loops
	1 coedges
	1 edges
	1 vertices
Checking object "object634":
checked:
	1 lumps
	1 shells
	1 wires
	0 faces
	0 loops
	8 coedges
	8 edges
	8 vertices
Checking object "object626":
checked:
	1 lumps
	1 shells
	1 wires
	0 faces
	0 loops
	8 coedges
	8 edges
	8 vertices
Checking object "object455":
checked:
	1 lumps
	1 shells
	1 wires
	0 faces
	0 loops
	1 coedges
	1 edges
	1 vertices
Checking object "object459":
checked:
	1 lumps
	1 shells
	1 wires
	0 faces
	0 loops
	1 coedges
	1 edges
	1 vertices
Checking object "object452":
checked:
	1 lumps
	1 shells
	1 wires
	0 faces
	0 loops
	1 coedges
	1 edges
	1 vertices
Checking object "object462":
checked:
	1 lumps
	1 shells
	1 wires
	0 faces
	0 loops
	1 coedges
	1 edges
	1 vertices
Checking object "object449":
checked:
	1 lumps
	1 shells
	1 wires
	0 faces
	0 loops
	1 coedges
	1 edges
	1 vertices
Checking object "object465":
checked:
	1 lumps
	1 shells
	1 wires
	0 faces
	0 loops
	1 coedges
	1 edges
	1 vertices
Checking object "object446":
checked:
	1 lumps
	1 shells
	1 wires
	0 faces
	0 loops
	1 coedges
	1 edges
	1 vertices
Checking object "object468":
checked:
	1 lumps
	1 shells
	1 wires
	0 faces
	0 loops
	1 coedges
	1 edges
	1 vertices
Checking object "object443":
checked:
	1 lumps
	1 shells
	1 wires
	0 faces
	0 loops
	1 coedges
	1 edges
	1 vertices
Checking object "object471":
checked:
	1 lumps
	1 shells
	1 wires
	0 faces
	0 loops
	1 coedges
	1 edges
	1 vertices
Checking object "object440":
checked:
	1 lumps
	1 shells
	1 wires
	0 faces
	0 loops
	1 coedges
	1 edges
	1 vertices
Checking object "object474":
checked:
	1 lumps
	1 shells
	1 wires
	0 faces
	0 loops
	1 coedges
	1 edges
	1 vertices
Checking object "object437":
checked:
	1 lumps
	1 shells
	1 wires
	0 faces
	0 loops
	1 coedges
	1 edges
	1 vertices
Checking object "object477":
checked:
	1 lumps
	1 shells
	1 wires
	0 faces
	0 loops
	1 coedges
	1 edges
	1 vertices
Checking object "object433":
checked:
	1 lumps
	1 shells
	1 wires
	0 faces
	0 loops
	1 coedges
	1 edges
	1 vertices
Checking object "object478":
checked:
	1 lumps
	1 shells
	1 wires
	0 faces
	0 loops
	1 coedges
	1 edges
	1 vertices
Checking object "object456":
checked:
	1 lumps
	1 shells
	1 wires
	0 faces
	0 loops
	1 coedges
	1 edges
	1 vertices
Checking object "object458":
checked:
	1 lumps
	1 shells
	1 wires
	0 faces
	0 loops
	1 coedges
	1 edges
	1 vertices
Checking object "object453":
checked:
	1 lumps
	1 shells
	1 wires
	0 faces
	0 loops
	1 coedges
	1 edges
	1 vertices
Checking object "object461":
checked:
	1 lumps
	1 shells
	1 wires
	0 faces
	0 loops
	1 coedges
	1 edges
	1 vertices
Checking object "object450":
checked:
	1 lumps
	1 shells
	1 wires
	0 faces
	0 loops
	1 coedges
	1 edges
	1 vertices
Checking object "object464":
checked:
	1 lumps
	1 shells
	1 wires
	0 faces
	0 loops
	1 coedges
	1 edges
	1 vertices
Checking object "object447":
checked:
	1 lumps
	1 shells
	1 wires
	0 faces
	0 loops
	1 coedges
	1 edges
	1 vertices
Checking object "object467":
checked:
	1 lumps
	1 shells
	1 wires
	0 faces
	0 loops
	1 coedges
	1 edges
	1 vertices
Checking object "object444":
checked:
	1 lumps
	1 shells
	1 wires
	0 faces
	0 loops
	1 coedges
	1 edges
	1 vertices
Checking object "object470":
checked:
	1 lumps
	1 shells
	1 wires
	0 faces
	0 loops
	1 coedges
	1 edges
	1 vertices
Checking object "object441":
checked:
	1 lumps
	1 shells
	1 wires
	0 faces
	0 loops
	1 coedges
	1 edges
	1 vertices
Checking object "object473":
checked:
	1 lumps
	1 shells
	1 wires
	0 faces
	0 loops
	1 coedges
	1 edges
	1 vertices
Checking object "object438":
checked:
	1 lumps
	1 shells
	1 wires
	0 faces
	0 loops
	1 coedges
	1 edges
	1 vertices
Checking object "object476":
checked:
	1 lumps
	1 shells
	1 wires
	0 faces
	0 loops
	1 coedges
	1 edges
	1 vertices
Checking object "object479":
checked:
	1 lumps
	1 shells
	1 wires
	0 faces
	0 loops
	1 coedges
	1 edges
	1 vertices
Checking object "object435":
checked:
	1 lumps
	1 shells
	1 wires
	0 faces
	0 loops
	1 coedges
	1 edges
	1 vertices
Checking object "object457":
checked:
	1 lumps
	1 shells
	1 wires
	0 faces
	0 loops
	1 coedges
	1 edges
	1 vertices
Checking object "object436":
checked:
	1 lumps
	1 shells
	1 wires
	0 faces
	0 loops
	1 coedges
	1 edges
	1 vertices
Checking object "object602":
checked:
	1 lumps
	1 shells
	1 wires
	0 faces
	0 loops
	48 coedges
	48 edges
	48 vertices
Checking object "object454":
checked:
	1 lumps
	1 shells
	1 wires
	0 faces
	0 loops
	1 coedges
	1 edges
	1 vertices
Checking object "object460":
checked:
	1 lumps
	1 shells
	1 wires
	0 faces
	0 loops
	1 coedges
	1 edges
	1 vertices
Checking object "object451":
checked:
	1 lumps
	1 shells
	1 wires
	0 faces
	0 loops
	1 coedges
	1 edges
	1 vertices
Checking object "object463":
checked:
	1 lumps
	1 shells
	1 wires
	0 faces
	0 loops
	1 coedges
	1 edges
	1 vertices
Checking object "object448":
checked:
	1 lumps
	1 shells
	1 wires
	0 faces
	0 loops
	1 coedges
	1 edges
	1 vertices
Checking object "object466":
checked:
	1 lumps
	1 shells
	1 wires
	0 faces
	0 loops
	1 coedges
	1 edges
	1 vertices
Checking object "object445":
checked:
	1 lumps
	1 shells
	1 wires
	0 faces
	0 loops
	1 coedges
	1 edges
	1 vertices
Checking object "object469":
checked:
	1 lumps
	1 shells
	1 wires
	0 faces
	0 loops
	1 coedges
	1 edges
	1 vertices
Checking object "object442":
checked:
	1 lumps
	1 shells
	1 wires
	0 faces
	0 loops
	1 coedges
	1 edges
	1 vertices
Checking object "object472":
checked:
	1 lumps
	1 shells
	1 wires
	0 faces
	0 loops
	1 coedges
	1 edges
	1 vertices
Checking object "object439":
checked:
	1 lumps
	1 shells
	1 wires
	0 faces
	0 loops
	1 coedges
	1 edges
	1 vertices
Checking object "object475":
checked:
	1 lumps
	1 shells
	1 wires
	0 faces
	0 loops
	1 coedges
	1 edges
	1 vertices
Checking object "object480":
checked:
	1 lumps
	1 shells
	1 wires
	0 faces
	0 loops
	1 coedges
	1 edges
	1 vertices
Checking object "object434":
checked:
	1 lumps
	1 shells
	1 wires
	0 faces
	0 loops
	1 coedges
	1 edges
	1 vertices
Checking object "object633":
checked:
	1 lumps
	1 shells
	1 wires
	0 faces
	0 loops
	8 coedges
	8 edges
	8 vertices
Checking object "object627":
checked:
	1 lumps
	1 shells
	1 wires
	0 faces
	0 loops
	8 coedges
	8 edges
	8 vertices
Checking object "object632":
checked:
	1 lumps
	1 shells
	1 wires
	0 faces
	0 loops
	8 coedges
	8 edges
	8 vertices
Checking object "object628":
checked:
	1 lumps
	1 shells
	1 wires
	0 faces
	0 loops
	8 coedges
	8 edges
	8 vertices
Checking object "object631":
checked:
	1 lumps
	1 shells
	1 wires
	0 faces
	0 loops
	8 coedges
	8 edges
	8 vertices
Checking object "object629":
checked:
	1 lumps
	1 shells
	1 wires
	0 faces
	0 loops
	8 coedges
	8 edges
	8 vertices
Checking object "object630":
checked:
	1 lumps
	1 shells
	1 wires
	0 faces
	0 loops
	8 coedges
	8 edges
	8 vertices
